14:41:18:045 [main] DEBUG org.testng.TestNG - suiteXmlPath: "C:\Users\USER\AppData\Local\Temp\testng-eclipse-1413284037\testng-customsuite.xml"
14:41:18:365 [main] INFO  org.testng.internal.Utils - [Utils] MethodGroupsHelper.collectMethodsByGroup() took 1 ms.
14:41:18:370 [main] INFO  org.testng.internal.Utils - [Utils] MethodGroupsHelper.sortMethods() took 1 ms.
14:41:18:372 [main] INFO  org.testng.internal.Utils - [Utils] MethodGroupsHelper.collectMethodsByGroup() took 0 ms.
14:41:18:372 [main] INFO  org.testng.internal.Utils - [Utils] MethodGroupsHelper.sortMethods() took 0 ms.
14:41:18:374 [main] INFO  org.testng.internal.Utils - [Utils] MethodGroupsHelper.collectMethodsByGroup() took 0 ms.
14:41:18:376 [main] INFO  org.testng.internal.Utils - [Utils] MethodGroupsHelper.sortMethods() took 0 ms.
14:41:18:377 [main] INFO  org.testng.internal.Utils - [Utils] MethodGroupsHelper.collectMethodsByGroup() took 0 ms.
14:41:18:378 [main] INFO  org.testng.internal.Utils - [Utils] MethodGroupsHelper.sortMethods() took 0 ms.
14:41:18:387 [main] INFO  org.testng.internal.Utils - [Utils] MethodGroupsHelper.collectMethodsByGroup() took 8 ms.
14:41:18:404 [main] INFO  org.testng.internal.Utils - [Utils] MethodGroupsHelper.sortMethods() took 17 ms.
14:41:18:409 [main] INFO  org.testng.internal.Utils - [Utils] MethodGroupsHelper.collectMethodsByGroup() took 0 ms.
14:41:18:410 [main] INFO  org.testng.internal.Utils - [Utils] MethodGroupsHelper.sortMethods() took 0 ms.
14:41:18:412 [main] INFO  org.testng.internal.Utils - [Utils] MethodGroupsHelper.collectMethodsByGroup() took 0 ms.
14:41:18:412 [main] INFO  org.testng.internal.Utils - [Utils] MethodGroupsHelper.sortMethods() took 0 ms.
14:41:18:413 [main] INFO  org.testng.internal.Utils - [Utils] MethodGroupsHelper.collectMethodsByGroup() took 0 ms.
14:41:18:413 [main] INFO  org.testng.internal.Utils - [Utils] MethodGroupsHelper.sortMethods() took 0 ms.
14:41:18:416 [main] INFO  org.testng.internal.Utils - [Utils] MethodGroupsHelper.collectMethodsByGroup() took 0 ms.
14:41:18:416 [main] INFO  org.testng.internal.Utils - [Utils] MethodGroupsHelper.sortMethods() took 0 ms.
14:41:18:417 [main] INFO  org.testng.internal.Utils - [Utils] MethodGroupsHelper.collectMethodsByGroup() took 0 ms.
14:41:18:417 [main] INFO  org.testng.internal.Utils - [Utils] MethodGroupsHelper.sortMethods() took 0 ms.
14:41:18:419 [main] INFO  org.testng.internal.Utils - [Utils] MethodGroupsHelper.collectMethodsByGroup() took 0 ms.
14:41:18:420 [main] INFO  org.testng.internal.Utils - [Utils] MethodGroupsHelper.sortMethods() took 0 ms.
14:41:18:420 [main] INFO  org.testng.internal.Utils - [Utils] MethodGroupsHelper.collectMethodsByGroup() took 0 ms.
14:41:18:420 [main] INFO  org.testng.internal.Utils - [Utils] MethodGroupsHelper.sortMethods() took 0 ms.
14:41:18:422 [main] INFO  org.testng.internal.Utils - [Utils] MethodGroupsHelper.collectMethodsByGroup() took 0 ms.
14:41:18:423 [main] INFO  org.testng.internal.Utils - [Utils] MethodGroupsHelper.sortMethods() took 1 ms.
14:41:18:424 [main] INFO  org.testng.internal.Utils - [Utils] MethodGroupsHelper.collectMethodsByGroup() took 0 ms.
14:41:18:425 [main] INFO  org.testng.internal.Utils - [Utils] MethodGroupsHelper.sortMethods() took 0 ms.
14:41:18:425 [main] INFO  org.testng.internal.Utils - [Utils] MethodGroupsHelper.collectMethodsByGroup() took 0 ms.
14:41:18:425 [main] INFO  org.testng.internal.Utils - [Utils] MethodGroupsHelper.sortMethods() took 0 ms.
14:41:18:438 [main] INFO  org.testng.internal.Utils - [TestNG] Running:
  C:\Users\USER\AppData\Local\Temp\testng-eclipse-1413284037\testng-customsuite.xml

14:41:18:473 [main] INFO  org.testng.internal.Utils - [Utils] DynamicGraphHelper.createDynamicGraph() took 8 ms.
14:42:18:250 [main] INFO  testCases.TC001_AccountRegistrationTest - ****** Starting TC001_AccountRegistrationTest ******
14:42:18:739 [main] INFO  testCases.TC001_AccountRegistrationTest - Clicked on 'MyAccount' Link
14:42:18:942 [main] INFO  testCases.TC001_AccountRegistrationTest - Clicked on 'Register' Link
14:42:18:952 [main] INFO  testCases.TC001_AccountRegistrationTest - Providing customer details......
14:42:18:533 [main] INFO  testCases.TC001_AccountRegistrationTest - Validating expected message....
14:42:18:620 [main] ERROR testCases.TC001_AccountRegistrationTest - Test failed
14:42:18:621 [main] DEBUG testCases.TC001_AccountRegistrationTest - Debug logs...
14:42:18:347 [main] INFO  org.testng.internal.Utils - [TestNG] Time taken by org.testng.reporters.SuiteHTMLReporter@68dcfd52: 132 ms
14:42:18:528 [main] INFO  org.testng.internal.Utils - [TestNG] Time taken by org.testng.reporters.jq.Main@7ce9e05a: 181 ms
14:42:18:560 [main] INFO  org.testng.internal.Utils - [TestNG] Time taken by org.testng.reporters.FailedReporter@4393593c: 31 ms
14:42:18:599 [main] INFO  org.testng.internal.Utils - [TestNG] Time taken by org.testng.reporters.XMLReporter@acf859d: 38 ms
14:42:18:622 [main] INFO  org.testng.internal.Utils - [TestNG] Time taken by org.testng.reporters.EmailableReporter2@2c2db130: 22 ms
14:42:18:652 [main] INFO  org.testng.internal.Utils - [TestNG] Time taken by org.testng.reporters.JUnitReportReporter@4d2a1da3: 29 ms
14:42:18:652 [main] INFO  org.testng.internal.Utils - [TestNG] Time taken by org.testng.internal.ExitCodeListener@252f626c: 0 ms
14:42:18:043 [main] DEBUG org.testng.TestNG - suiteXmlPath: "C:\Users\USER\AppData\Local\Temp\testng-eclipse-141581653\testng-customsuite.xml"
14:42:18:396 [main] INFO  org.testng.internal.Utils - [Utils] MethodGroupsHelper.collectMethodsByGroup() took 0 ms.
14:42:18:401 [main] INFO  org.testng.internal.Utils - [Utils] MethodGroupsHelper.sortMethods() took 2 ms.
14:42:18:403 [main] INFO  org.testng.internal.Utils - [Utils] MethodGroupsHelper.collectMethodsByGroup() took 0 ms.
14:42:18:403 [main] INFO  org.testng.internal.Utils - [Utils] MethodGroupsHelper.sortMethods() took 0 ms.
14:42:18:405 [main] INFO  org.testng.internal.Utils - [Utils] MethodGroupsHelper.collectMethodsByGroup() took 0 ms.
14:42:18:405 [main] INFO  org.testng.internal.Utils - [Utils] MethodGroupsHelper.sortMethods() took 0 ms.
14:42:18:406 [main] INFO  org.testng.internal.Utils - [Utils] MethodGroupsHelper.collectMethodsByGroup() took 0 ms.
14:42:18:406 [main] INFO  org.testng.internal.Utils - [Utils] MethodGroupsHelper.sortMethods() took 0 ms.
14:42:18:417 [main] INFO  org.testng.internal.Utils - [Utils] MethodGroupsHelper.collectMethodsByGroup() took 9 ms.
14:42:18:432 [main] INFO  org.testng.internal.Utils - [Utils] MethodGroupsHelper.sortMethods() took 15 ms.
14:42:18:435 [main] INFO  org.testng.internal.Utils - [Utils] MethodGroupsHelper.collectMethodsByGroup() took 1 ms.
14:42:18:436 [main] INFO  org.testng.internal.Utils - [Utils] MethodGroupsHelper.sortMethods() took 1 ms.
14:42:18:438 [main] INFO  org.testng.internal.Utils - [Utils] MethodGroupsHelper.collectMethodsByGroup() took 0 ms.
14:42:18:438 [main] INFO  org.testng.internal.Utils - [Utils] MethodGroupsHelper.sortMethods() took 0 ms.
14:42:18:439 [main] INFO  org.testng.internal.Utils - [Utils] MethodGroupsHelper.collectMethodsByGroup() took 0 ms.
14:42:18:439 [main] INFO  org.testng.internal.Utils - [Utils] MethodGroupsHelper.sortMethods() took 0 ms.
14:42:18:441 [main] INFO  org.testng.internal.Utils - [Utils] MethodGroupsHelper.collectMethodsByGroup() took 0 ms.
14:42:18:442 [main] INFO  org.testng.internal.Utils - [Utils] MethodGroupsHelper.sortMethods() took 0 ms.
14:42:18:442 [main] INFO  org.testng.internal.Utils - [Utils] MethodGroupsHelper.collectMethodsByGroup() took 0 ms.
14:42:18:443 [main] INFO  org.testng.internal.Utils - [Utils] MethodGroupsHelper.sortMethods() took 0 ms.
14:42:18:444 [main] INFO  org.testng.internal.Utils - [Utils] MethodGroupsHelper.collectMethodsByGroup() took 0 ms.
14:42:18:444 [main] INFO  org.testng.internal.Utils - [Utils] MethodGroupsHelper.sortMethods() took 0 ms.
14:42:18:444 [main] INFO  org.testng.internal.Utils - [Utils] MethodGroupsHelper.collectMethodsByGroup() took 0 ms.
14:42:18:444 [main] INFO  org.testng.internal.Utils - [Utils] MethodGroupsHelper.sortMethods() took 0 ms.
14:42:18:446 [main] INFO  org.testng.internal.Utils - [Utils] MethodGroupsHelper.collectMethodsByGroup() took 0 ms.
14:42:18:446 [main] INFO  org.testng.internal.Utils - [Utils] MethodGroupsHelper.sortMethods() took 0 ms.
14:42:18:448 [main] INFO  org.testng.internal.Utils - [Utils] MethodGroupsHelper.collectMethodsByGroup() took 0 ms.
14:42:18:448 [main] INFO  org.testng.internal.Utils - [Utils] MethodGroupsHelper.sortMethods() took 0 ms.
14:42:18:448 [main] INFO  org.testng.internal.Utils - [Utils] MethodGroupsHelper.collectMethodsByGroup() took 0 ms.
14:42:18:448 [main] INFO  org.testng.internal.Utils - [Utils] MethodGroupsHelper.sortMethods() took 0 ms.
14:42:18:460 [main] INFO  org.testng.internal.Utils - [TestNG] Running:
  C:\Users\USER\AppData\Local\Temp\testng-eclipse-141581653\testng-customsuite.xml

14:42:18:489 [main] INFO  org.testng.internal.Utils - [Utils] DynamicGraphHelper.createDynamicGraph() took 7 ms.
14:43:18:797 [main] INFO  testCases.TC001_AccountRegistrationTest - ****** Starting TC001_AccountRegistrationTest ******
14:43:18:952 [main] INFO  testCases.TC001_AccountRegistrationTest - Clicked on 'MyAccount' Link
14:43:18:352 [main] INFO  testCases.TC001_AccountRegistrationTest - Clicked on 'Register' Link
14:43:18:359 [main] INFO  testCases.TC001_AccountRegistrationTest - Providing customer details......
14:43:18:308 [main] INFO  testCases.TC001_AccountRegistrationTest - Validating expected message....
14:43:18:678 [main] INFO  testCases.TC001_AccountRegistrationTest - ***** Finished: TC001_AccountRegistrationTest*******
14:43:18:046 [main] INFO  org.testng.internal.Utils - [TestNG] Time taken by org.testng.reporters.SuiteHTMLReporter@4f63e3c7: 66 ms
14:43:18:154 [main] INFO  org.testng.internal.Utils - [TestNG] Time taken by org.testng.reporters.jq.Main@5cdf39b2: 108 ms
14:43:18:157 [main] INFO  org.testng.internal.Utils - [TestNG] Time taken by org.testng.reporters.FailedReporter@14f3c6fc: 1 ms
14:43:18:169 [main] INFO  org.testng.internal.Utils - [TestNG] Time taken by org.testng.reporters.XMLReporter@3c6aa04a: 12 ms
14:43:18:179 [main] INFO  org.testng.internal.Utils - [TestNG] Time taken by org.testng.reporters.EmailableReporter2@17b64941: 9 ms
14:43:18:191 [main] INFO  org.testng.internal.Utils - [TestNG] Time taken by org.testng.reporters.JUnitReportReporter@3cee53dc: 11 ms
14:43:18:191 [main] INFO  org.testng.internal.Utils - [TestNG] Time taken by org.testng.internal.ExitCodeListener@290aeb20: 0 ms
17:51:18:394 [main] DEBUG org.testng.TestNG - suiteXmlPath: "C:\workspaces\java selenium\OpencartV121\master.xml"
17:51:18:836 [main] INFO  org.testng.internal.Utils - [TestNG] Running:
  C:\workspaces\java selenium\OpencartV121\master.xml

17:51:18:447 [main] INFO  testCases.TC001_AccountRegistrationTest - ****** Starting TC001_AccountRegistrationTest ******
17:51:18:631 [main] INFO  testCases.TC001_AccountRegistrationTest - Clicked on 'MyAccount' Link
17:51:18:406 [main] INFO  testCases.TC001_AccountRegistrationTest - Clicked on 'Register' Link
17:51:18:411 [main] INFO  testCases.TC001_AccountRegistrationTest - Providing customer details......
17:51:18:490 [main] INFO  testCases.TC001_AccountRegistrationTest - Validating expected message....
17:51:18:552 [main] INFO  testCases.TC001_AccountRegistrationTest - ***** Finished: TC001_AccountRegistrationTest*******
17:52:18:927 [main] DEBUG org.testng.TestNG - suiteXmlPath: "C:\workspaces\java selenium\OpencartV121\master.xml"
17:52:18:321 [main] INFO  org.testng.internal.Utils - [TestNG] Running:
  C:\workspaces\java selenium\OpencartV121\master.xml

18:02:18:417 [main] DEBUG org.testng.TestNG - suiteXmlPath: "C:\workspaces\java selenium\OpencartV121\crossbrowsertesting.xml"
18:02:18:861 [main] INFO  org.testng.internal.Utils - [TestNG] Running:
  C:\workspaces\java selenium\OpencartV121\crossbrowsertesting.xml

18:02:18:056 [main] INFO  testCases.TC001_AccountRegistrationTest - ****** Starting TC001_AccountRegistrationTest ******
18:02:18:413 [main] INFO  testCases.TC001_AccountRegistrationTest - Clicked on 'MyAccount' Link
18:02:18:065 [main] INFO  testCases.TC001_AccountRegistrationTest - Clicked on 'Register' Link
18:02:18:077 [main] INFO  testCases.TC001_AccountRegistrationTest - Providing customer details......
18:02:18:568 [main] INFO  testCases.TC001_AccountRegistrationTest - Validating expected message....
18:03:18:699 [main] ERROR testCases.TC001_AccountRegistrationTest - Test failed
18:03:18:699 [main] DEBUG testCases.TC001_AccountRegistrationTest - Debug logs...
18:04:18:835 [main] INFO  testCases.TC001_AccountRegistrationTest - ****** Starting TC001_AccountRegistrationTest ******
18:04:18:042 [main] INFO  testCases.TC001_AccountRegistrationTest - Clicked on 'MyAccount' Link
18:04:18:061 [main] INFO  testCases.TC001_AccountRegistrationTest - Clicked on 'Register' Link
18:04:18:062 [main] INFO  testCases.TC001_AccountRegistrationTest - Providing customer details......
18:04:18:932 [main] INFO  testCases.TC001_AccountRegistrationTest - Validating expected message....
18:04:18:980 [main] INFO  testCases.TC001_AccountRegistrationTest - ***** Finished: TC001_AccountRegistrationTest*******
18:06:18:281 [main] DEBUG org.testng.TestNG - suiteXmlPath: "C:\workspaces\java selenium\OpencartV121\crossbrowsertesting.xml"
18:06:18:745 [main] INFO  org.testng.internal.Utils - [TestNG] Running:
  C:\workspaces\java selenium\OpencartV121\crossbrowsertesting.xml

18:06:18:142 [TestNG-tests-1] INFO  testCases.TC001_AccountRegistrationTest - ****** Starting TC001_AccountRegistrationTest ******
18:06:18:494 [TestNG-tests-1] INFO  testCases.TC001_AccountRegistrationTest - Clicked on 'MyAccount' Link
18:06:18:594 [TestNG-tests-1] INFO  testCases.TC001_AccountRegistrationTest - Clicked on 'Register' Link
18:06:18:598 [TestNG-tests-1] INFO  testCases.TC001_AccountRegistrationTest - Providing customer details......
18:06:18:022 [TestNG-tests-2] INFO  testCases.TC001_AccountRegistrationTest - ****** Starting TC001_AccountRegistrationTest ******
18:06:18:408 [TestNG-tests-2] INFO  testCases.TC001_AccountRegistrationTest - Clicked on 'MyAccount' Link
18:06:18:503 [TestNG-tests-2] INFO  testCases.TC001_AccountRegistrationTest - Clicked on 'Register' Link
18:06:18:508 [TestNG-tests-2] INFO  testCases.TC001_AccountRegistrationTest - Providing customer details......
18:06:18:686 [TestNG-tests-1] INFO  testCases.TC001_AccountRegistrationTest - Validating expected message....
18:06:18:012 [TestNG-tests-1] INFO  testCases.TC001_AccountRegistrationTest - ***** Finished: TC001_AccountRegistrationTest*******
18:06:18:060 [TestNG-tests-2] INFO  testCases.TC001_AccountRegistrationTest - Validating expected message....
18:06:18:179 [TestNG-tests-2] INFO  testCases.TC001_AccountRegistrationTest - ***** Finished: TC001_AccountRegistrationTest*******
18:29:18:048 [main] DEBUG org.testng.TestNG - suiteXmlPath: "C:\workspaces\java selenium\OpencartV121\master.xml"
18:29:18:454 [main] INFO  org.testng.internal.Utils - [TestNG] Running:
  C:\workspaces\java selenium\OpencartV121\master.xml

18:29:18:816 [main] INFO  testCases.TC001_AccountRegistrationTest - ****** Starting TC001_AccountRegistrationTest ******
18:29:18:102 [main] INFO  testCases.TC001_AccountRegistrationTest - Clicked on 'MyAccount' Link
18:29:18:767 [main] INFO  testCases.TC001_AccountRegistrationTest - Clicked on 'Register' Link
18:29:18:783 [main] INFO  testCases.TC001_AccountRegistrationTest - Providing customer details......
18:29:18:522 [main] INFO  testCases.TC001_AccountRegistrationTest - Validating expected message....
18:29:18:587 [main] INFO  testCases.TC001_AccountRegistrationTest - ***** Finished: TC001_AccountRegistrationTest*******
15:08:19:550 [main] DEBUG org.testng.TestNG - suiteXmlPath: "C:\workspaces\java selenium\OpencartV121\master.xml"
15:08:19:051 [main] INFO  org.testng.internal.Utils - [TestNG] Running:
  C:\workspaces\java selenium\OpencartV121\master.xml

15:10:19:390 [main] DEBUG org.testng.TestNG - suiteXmlPath: "C:\workspaces\java selenium\OpencartV121\master.xml"
15:10:19:830 [main] INFO  org.testng.internal.Utils - [TestNG] Running:
  C:\workspaces\java selenium\OpencartV121\master.xml

15:11:19:746 [main] INFO  testCases.TC002_LoginTest - ****Starting TC002_LoginTest *****
15:11:19:943 [main] INFO  testCases.TC002_LoginTest - Clicked on 'MyAccount' Link
15:11:19:504 [main] INFO  testCases.TC002_LoginTest - Clicked on 'Login' link
15:11:19:721 [main] INFO  testCases.TC002_LoginTest - Email entered....
15:11:19:852 [main] INFO  testCases.TC002_LoginTest - Password entered.....
15:11:19:998 [main] INFO  testCases.TC002_LoginTest - Evaluating login status...
15:11:19:190 [main] INFO  testCases.TC002_LoginTest - ****Finished TC002_LoginTest *****
16:58:20:215 [main] DEBUG org.testng.TestNG - suiteXmlPath: "C:\workspaces\java selenium\OpencartV121\master.xml"
16:58:20:608 [main] DEBUG org.testng.TestNG - suiteXmlPath: "C:\workspaces\java selenium\OpencartV121\master.xml"
16:58:20:121 [main] INFO  org.testng.internal.Utils - [TestNG] Running:
  C:\workspaces\java selenium\OpencartV121\master.xml

17:04:20:475 [main] DEBUG org.testng.TestNG - suiteXmlPath: "C:\workspaces\java selenium\OpencartV121\master.xml"
17:04:20:917 [main] INFO  org.testng.internal.Utils - [TestNG] Running:
  C:\workspaces\java selenium\OpencartV121\master.xml

17:04:20:823 [main] DEBUG org.apache.poi.openxml4j.opc.PackageRelationshipCollection - Parsing relationship: /xl/_rels/workbook.xml.rels
17:04:20:829 [main] DEBUG org.apache.poi.openxml4j.opc.PackageRelationshipCollection - Parsing relationship: /xl/worksheets/_rels/sheet1.xml.rels
17:04:20:831 [main] DEBUG org.apache.poi.openxml4j.opc.PackageRelationshipCollection - Parsing relationship: /_rels/.rels
17:04:20:699 [main] DEBUG org.apache.poi.openxml4j.opc.PackageRelationshipCollection - Parsing relationship: /xl/_rels/workbook.xml.rels
17:04:20:701 [main] DEBUG org.apache.poi.openxml4j.opc.PackageRelationshipCollection - Parsing relationship: /xl/worksheets/_rels/sheet1.xml.rels
17:04:20:702 [main] DEBUG org.apache.poi.openxml4j.opc.PackageRelationshipCollection - Parsing relationship: /_rels/.rels
17:04:20:757 [main] DEBUG org.apache.poi.openxml4j.opc.PackageRelationshipCollection - Parsing relationship: /xl/_rels/workbook.xml.rels
17:04:20:759 [main] DEBUG org.apache.poi.openxml4j.opc.PackageRelationshipCollection - Parsing relationship: /xl/worksheets/_rels/sheet1.xml.rels
17:04:20:761 [main] DEBUG org.apache.poi.openxml4j.opc.PackageRelationshipCollection - Parsing relationship: /_rels/.rels
17:04:20:838 [main] DEBUG org.apache.poi.openxml4j.opc.PackageRelationshipCollection - Parsing relationship: /xl/_rels/workbook.xml.rels
17:04:20:841 [main] DEBUG org.apache.poi.openxml4j.opc.PackageRelationshipCollection - Parsing relationship: /xl/worksheets/_rels/sheet1.xml.rels
17:04:20:843 [main] DEBUG org.apache.poi.openxml4j.opc.PackageRelationshipCollection - Parsing relationship: /_rels/.rels
17:04:20:895 [main] DEBUG org.apache.poi.openxml4j.opc.PackageRelationshipCollection - Parsing relationship: /xl/_rels/workbook.xml.rels
17:04:20:897 [main] DEBUG org.apache.poi.openxml4j.opc.PackageRelationshipCollection - Parsing relationship: /xl/worksheets/_rels/sheet1.xml.rels
17:04:20:899 [main] DEBUG org.apache.poi.openxml4j.opc.PackageRelationshipCollection - Parsing relationship: /_rels/.rels
17:04:20:944 [main] DEBUG org.apache.poi.openxml4j.opc.PackageRelationshipCollection - Parsing relationship: /xl/_rels/workbook.xml.rels
17:04:20:946 [main] DEBUG org.apache.poi.openxml4j.opc.PackageRelationshipCollection - Parsing relationship: /xl/worksheets/_rels/sheet1.xml.rels
17:04:20:948 [main] DEBUG org.apache.poi.openxml4j.opc.PackageRelationshipCollection - Parsing relationship: /_rels/.rels
17:04:20:993 [main] DEBUG org.apache.poi.openxml4j.opc.PackageRelationshipCollection - Parsing relationship: /xl/_rels/workbook.xml.rels
17:04:20:995 [main] DEBUG org.apache.poi.openxml4j.opc.PackageRelationshipCollection - Parsing relationship: /xl/worksheets/_rels/sheet1.xml.rels
17:04:20:996 [main] DEBUG org.apache.poi.openxml4j.opc.PackageRelationshipCollection - Parsing relationship: /_rels/.rels
17:04:20:057 [main] DEBUG org.apache.poi.openxml4j.opc.PackageRelationshipCollection - Parsing relationship: /xl/_rels/workbook.xml.rels
17:04:20:059 [main] DEBUG org.apache.poi.openxml4j.opc.PackageRelationshipCollection - Parsing relationship: /xl/worksheets/_rels/sheet1.xml.rels
17:04:20:060 [main] DEBUG org.apache.poi.openxml4j.opc.PackageRelationshipCollection - Parsing relationship: /_rels/.rels
17:04:20:095 [main] DEBUG org.apache.poi.openxml4j.opc.PackageRelationshipCollection - Parsing relationship: /xl/_rels/workbook.xml.rels
17:04:20:097 [main] DEBUG org.apache.poi.openxml4j.opc.PackageRelationshipCollection - Parsing relationship: /xl/worksheets/_rels/sheet1.xml.rels
17:04:20:099 [main] DEBUG org.apache.poi.openxml4j.opc.PackageRelationshipCollection - Parsing relationship: /_rels/.rels
17:04:20:135 [main] DEBUG org.apache.poi.openxml4j.opc.PackageRelationshipCollection - Parsing relationship: /xl/_rels/workbook.xml.rels
17:04:20:136 [main] DEBUG org.apache.poi.openxml4j.opc.PackageRelationshipCollection - Parsing relationship: /xl/worksheets/_rels/sheet1.xml.rels
17:04:20:138 [main] DEBUG org.apache.poi.openxml4j.opc.PackageRelationshipCollection - Parsing relationship: /_rels/.rels
17:04:20:176 [main] DEBUG org.apache.poi.openxml4j.opc.PackageRelationshipCollection - Parsing relationship: /xl/_rels/workbook.xml.rels
17:04:20:177 [main] DEBUG org.apache.poi.openxml4j.opc.PackageRelationshipCollection - Parsing relationship: /xl/worksheets/_rels/sheet1.xml.rels
17:04:20:179 [main] DEBUG org.apache.poi.openxml4j.opc.PackageRelationshipCollection - Parsing relationship: /_rels/.rels
17:04:20:209 [main] DEBUG org.apache.poi.openxml4j.opc.PackageRelationshipCollection - Parsing relationship: /xl/_rels/workbook.xml.rels
17:04:20:211 [main] DEBUG org.apache.poi.openxml4j.opc.PackageRelationshipCollection - Parsing relationship: /xl/worksheets/_rels/sheet1.xml.rels
17:04:20:212 [main] DEBUG org.apache.poi.openxml4j.opc.PackageRelationshipCollection - Parsing relationship: /_rels/.rels
17:04:20:243 [main] DEBUG org.apache.poi.openxml4j.opc.PackageRelationshipCollection - Parsing relationship: /xl/_rels/workbook.xml.rels
17:04:20:245 [main] DEBUG org.apache.poi.openxml4j.opc.PackageRelationshipCollection - Parsing relationship: /xl/worksheets/_rels/sheet1.xml.rels
17:04:20:246 [main] DEBUG org.apache.poi.openxml4j.opc.PackageRelationshipCollection - Parsing relationship: /_rels/.rels
17:04:20:286 [main] DEBUG org.apache.poi.openxml4j.opc.PackageRelationshipCollection - Parsing relationship: /xl/_rels/workbook.xml.rels
17:04:20:287 [main] DEBUG org.apache.poi.openxml4j.opc.PackageRelationshipCollection - Parsing relationship: /xl/worksheets/_rels/sheet1.xml.rels
17:04:20:288 [main] DEBUG org.apache.poi.openxml4j.opc.PackageRelationshipCollection - Parsing relationship: /_rels/.rels
17:04:20:325 [main] DEBUG org.apache.poi.openxml4j.opc.PackageRelationshipCollection - Parsing relationship: /xl/_rels/workbook.xml.rels
17:04:20:326 [main] DEBUG org.apache.poi.openxml4j.opc.PackageRelationshipCollection - Parsing relationship: /xl/worksheets/_rels/sheet1.xml.rels
17:04:20:327 [main] DEBUG org.apache.poi.openxml4j.opc.PackageRelationshipCollection - Parsing relationship: /_rels/.rels
17:04:20:359 [main] DEBUG org.apache.poi.openxml4j.opc.PackageRelationshipCollection - Parsing relationship: /xl/_rels/workbook.xml.rels
17:04:20:361 [main] DEBUG org.apache.poi.openxml4j.opc.PackageRelationshipCollection - Parsing relationship: /xl/worksheets/_rels/sheet1.xml.rels
17:04:20:362 [main] DEBUG org.apache.poi.openxml4j.opc.PackageRelationshipCollection - Parsing relationship: /_rels/.rels
17:04:20:389 [main] DEBUG org.apache.poi.openxml4j.opc.PackageRelationshipCollection - Parsing relationship: /xl/_rels/workbook.xml.rels
17:04:20:391 [main] DEBUG org.apache.poi.openxml4j.opc.PackageRelationshipCollection - Parsing relationship: /xl/worksheets/_rels/sheet1.xml.rels
17:04:20:392 [main] DEBUG org.apache.poi.openxml4j.opc.PackageRelationshipCollection - Parsing relationship: /_rels/.rels
17:04:20:447 [main] INFO  testCases.TC003_LoginDDT - ****Starting TC003_LoginDDT *****
17:04:20:632 [main] INFO  testCases.TC003_LoginDDT - Clicked on 'MyAccount' Link
17:04:20:192 [main] INFO  testCases.TC003_LoginDDT - Clicked on 'Login' link
17:04:20:396 [main] INFO  testCases.TC003_LoginDDT - Email entered....
17:04:20:520 [main] INFO  testCases.TC003_LoginDDT - Password entered.....
17:04:20:663 [main] INFO  testCases.TC003_LoginDDT - Evaluating login status...
17:04:20:831 [main] INFO  testCases.TC003_LoginDDT - ****Completed TC003_LoginDDT *****
17:04:20:853 [main] INFO  testCases.TC003_LoginDDT - ****Starting TC003_LoginDDT *****
17:04:20:949 [main] INFO  testCases.TC003_LoginDDT - Clicked on 'MyAccount' Link
17:04:20:431 [main] INFO  testCases.TC003_LoginDDT - Clicked on 'Login' link
17:04:20:570 [main] INFO  testCases.TC003_LoginDDT - Email entered....
17:04:20:691 [main] INFO  testCases.TC003_LoginDDT - Password entered.....
17:04:20:793 [main] INFO  testCases.TC003_LoginDDT - Evaluating login status...
17:04:20:679 [main] INFO  testCases.TC003_LoginDDT - ****Starting TC003_LoginDDT *****
17:04:20:789 [main] INFO  testCases.TC003_LoginDDT - Clicked on 'MyAccount' Link
17:04:20:243 [main] INFO  testCases.TC003_LoginDDT - Clicked on 'Login' link
17:04:20:382 [main] INFO  testCases.TC003_LoginDDT - Email entered....
17:04:20:478 [main] INFO  testCases.TC003_LoginDDT - Password entered.....
17:04:20:581 [main] INFO  testCases.TC003_LoginDDT - Evaluating login status...
17:04:20:436 [main] INFO  testCases.TC003_LoginDDT - ****Starting TC003_LoginDDT *****
17:04:20:552 [main] INFO  testCases.TC003_LoginDDT - Clicked on 'MyAccount' Link
17:04:20:041 [main] INFO  testCases.TC003_LoginDDT - Clicked on 'Login' link
17:04:20:192 [main] INFO  testCases.TC003_LoginDDT - Email entered....
17:04:20:287 [main] INFO  testCases.TC003_LoginDDT - Password entered.....
17:05:20:127 [main] INFO  testCases.TC003_LoginDDT - Evaluating login status...
17:05:20:155 [main] INFO  testCases.TC003_LoginDDT - ****Starting TC003_LoginDDT *****
17:05:20:290 [main] INFO  testCases.TC003_LoginDDT - Clicked on 'MyAccount' Link
17:05:20:740 [main] INFO  testCases.TC003_LoginDDT - Clicked on 'Login' link
17:05:20:880 [main] INFO  testCases.TC003_LoginDDT - Email entered....
17:05:20:987 [main] INFO  testCases.TC003_LoginDDT - Password entered.....
17:05:20:083 [main] INFO  testCases.TC003_LoginDDT - Evaluating login status...
17:05:20:179 [main] INFO  testCases.TC003_LoginDDT - ****Completed TC003_LoginDDT *****
17:21:20:437 [main] DEBUG org.testng.TestNG - suiteXmlPath: "C:\workspaces\java selenium\OpencartV121\master.xml"
17:21:20:868 [main] INFO  org.testng.internal.Utils - [TestNG] Running:
  C:\workspaces\java selenium\OpencartV121\master.xml

17:21:20:295 [main] DEBUG org.apache.poi.openxml4j.opc.PackageRelationshipCollection - Parsing relationship: /xl/_rels/workbook.xml.rels
17:21:20:299 [main] DEBUG org.apache.poi.openxml4j.opc.PackageRelationshipCollection - Parsing relationship: /xl/worksheets/_rels/sheet1.xml.rels
17:21:20:301 [main] DEBUG org.apache.poi.openxml4j.opc.PackageRelationshipCollection - Parsing relationship: /_rels/.rels
17:21:20:129 [main] DEBUG org.apache.poi.openxml4j.opc.PackageRelationshipCollection - Parsing relationship: /xl/_rels/workbook.xml.rels
17:21:20:132 [main] DEBUG org.apache.poi.openxml4j.opc.PackageRelationshipCollection - Parsing relationship: /xl/worksheets/_rels/sheet1.xml.rels
17:21:20:133 [main] DEBUG org.apache.poi.openxml4j.opc.PackageRelationshipCollection - Parsing relationship: /_rels/.rels
17:21:20:191 [main] DEBUG org.apache.poi.openxml4j.opc.PackageRelationshipCollection - Parsing relationship: /xl/_rels/workbook.xml.rels
17:21:20:193 [main] DEBUG org.apache.poi.openxml4j.opc.PackageRelationshipCollection - Parsing relationship: /xl/worksheets/_rels/sheet1.xml.rels
17:21:20:196 [main] DEBUG org.apache.poi.openxml4j.opc.PackageRelationshipCollection - Parsing relationship: /_rels/.rels
17:21:20:272 [main] DEBUG org.apache.poi.openxml4j.opc.PackageRelationshipCollection - Parsing relationship: /xl/_rels/workbook.xml.rels
17:21:20:274 [main] DEBUG org.apache.poi.openxml4j.opc.PackageRelationshipCollection - Parsing relationship: /xl/worksheets/_rels/sheet1.xml.rels
17:21:20:276 [main] DEBUG org.apache.poi.openxml4j.opc.PackageRelationshipCollection - Parsing relationship: /_rels/.rels
17:21:20:323 [main] DEBUG org.apache.poi.openxml4j.opc.PackageRelationshipCollection - Parsing relationship: /xl/_rels/workbook.xml.rels
17:21:20:325 [main] DEBUG org.apache.poi.openxml4j.opc.PackageRelationshipCollection - Parsing relationship: /xl/worksheets/_rels/sheet1.xml.rels
17:21:20:326 [main] DEBUG org.apache.poi.openxml4j.opc.PackageRelationshipCollection - Parsing relationship: /_rels/.rels
17:21:20:372 [main] DEBUG org.apache.poi.openxml4j.opc.PackageRelationshipCollection - Parsing relationship: /xl/_rels/workbook.xml.rels
17:21:20:374 [main] DEBUG org.apache.poi.openxml4j.opc.PackageRelationshipCollection - Parsing relationship: /xl/worksheets/_rels/sheet1.xml.rels
17:21:20:376 [main] DEBUG org.apache.poi.openxml4j.opc.PackageRelationshipCollection - Parsing relationship: /_rels/.rels
17:21:20:419 [main] DEBUG org.apache.poi.openxml4j.opc.PackageRelationshipCollection - Parsing relationship: /xl/_rels/workbook.xml.rels
17:21:20:420 [main] DEBUG org.apache.poi.openxml4j.opc.PackageRelationshipCollection - Parsing relationship: /xl/worksheets/_rels/sheet1.xml.rels
17:21:20:422 [main] DEBUG org.apache.poi.openxml4j.opc.PackageRelationshipCollection - Parsing relationship: /_rels/.rels
17:21:20:490 [main] DEBUG org.apache.poi.openxml4j.opc.PackageRelationshipCollection - Parsing relationship: /xl/_rels/workbook.xml.rels
17:21:20:492 [main] DEBUG org.apache.poi.openxml4j.opc.PackageRelationshipCollection - Parsing relationship: /xl/worksheets/_rels/sheet1.xml.rels
17:21:20:493 [main] DEBUG org.apache.poi.openxml4j.opc.PackageRelationshipCollection - Parsing relationship: /_rels/.rels
17:21:20:647 [main] DEBUG org.apache.poi.openxml4j.opc.PackageRelationshipCollection - Parsing relationship: /xl/_rels/workbook.xml.rels
17:21:20:650 [main] DEBUG org.apache.poi.openxml4j.opc.PackageRelationshipCollection - Parsing relationship: /xl/worksheets/_rels/sheet1.xml.rels
17:21:20:655 [main] DEBUG org.apache.poi.openxml4j.opc.PackageRelationshipCollection - Parsing relationship: /_rels/.rels
17:21:20:717 [main] DEBUG org.apache.poi.openxml4j.opc.PackageRelationshipCollection - Parsing relationship: /xl/_rels/workbook.xml.rels
17:21:20:719 [main] DEBUG org.apache.poi.openxml4j.opc.PackageRelationshipCollection - Parsing relationship: /xl/worksheets/_rels/sheet1.xml.rels
17:21:20:721 [main] DEBUG org.apache.poi.openxml4j.opc.PackageRelationshipCollection - Parsing relationship: /_rels/.rels
17:21:20:873 [main] DEBUG org.apache.poi.openxml4j.opc.PackageRelationshipCollection - Parsing relationship: /xl/_rels/workbook.xml.rels
17:21:20:880 [main] DEBUG org.apache.poi.openxml4j.opc.PackageRelationshipCollection - Parsing relationship: /xl/worksheets/_rels/sheet1.xml.rels
17:21:20:881 [main] DEBUG org.apache.poi.openxml4j.opc.PackageRelationshipCollection - Parsing relationship: /_rels/.rels
17:21:20:928 [main] DEBUG org.apache.poi.openxml4j.opc.PackageRelationshipCollection - Parsing relationship: /xl/_rels/workbook.xml.rels
17:21:20:930 [main] DEBUG org.apache.poi.openxml4j.opc.PackageRelationshipCollection - Parsing relationship: /xl/worksheets/_rels/sheet1.xml.rels
17:21:20:931 [main] DEBUG org.apache.poi.openxml4j.opc.PackageRelationshipCollection - Parsing relationship: /_rels/.rels
17:21:20:998 [main] DEBUG org.apache.poi.openxml4j.opc.PackageRelationshipCollection - Parsing relationship: /xl/_rels/workbook.xml.rels
17:21:20:999 [main] DEBUG org.apache.poi.openxml4j.opc.PackageRelationshipCollection - Parsing relationship: /xl/worksheets/_rels/sheet1.xml.rels
17:21:20:001 [main] DEBUG org.apache.poi.openxml4j.opc.PackageRelationshipCollection - Parsing relationship: /_rels/.rels
17:21:20:236 [main] DEBUG org.apache.poi.openxml4j.opc.PackageRelationshipCollection - Parsing relationship: /xl/_rels/workbook.xml.rels
17:21:20:238 [main] DEBUG org.apache.poi.openxml4j.opc.PackageRelationshipCollection - Parsing relationship: /xl/worksheets/_rels/sheet1.xml.rels
17:21:20:273 [main] DEBUG org.apache.poi.openxml4j.opc.PackageRelationshipCollection - Parsing relationship: /_rels/.rels
17:21:20:346 [main] DEBUG org.apache.poi.openxml4j.opc.PackageRelationshipCollection - Parsing relationship: /xl/_rels/workbook.xml.rels
17:21:20:347 [main] DEBUG org.apache.poi.openxml4j.opc.PackageRelationshipCollection - Parsing relationship: /xl/worksheets/_rels/sheet1.xml.rels
17:21:20:349 [main] DEBUG org.apache.poi.openxml4j.opc.PackageRelationshipCollection - Parsing relationship: /_rels/.rels
17:21:20:383 [main] DEBUG org.apache.poi.openxml4j.opc.PackageRelationshipCollection - Parsing relationship: /xl/_rels/workbook.xml.rels
17:21:20:385 [main] DEBUG org.apache.poi.openxml4j.opc.PackageRelationshipCollection - Parsing relationship: /xl/worksheets/_rels/sheet1.xml.rels
17:21:20:386 [main] DEBUG org.apache.poi.openxml4j.opc.PackageRelationshipCollection - Parsing relationship: /_rels/.rels
17:21:20:417 [main] DEBUG org.apache.poi.openxml4j.opc.PackageRelationshipCollection - Parsing relationship: /xl/_rels/workbook.xml.rels
17:21:20:418 [main] DEBUG org.apache.poi.openxml4j.opc.PackageRelationshipCollection - Parsing relationship: /xl/worksheets/_rels/sheet1.xml.rels
17:21:20:419 [main] DEBUG org.apache.poi.openxml4j.opc.PackageRelationshipCollection - Parsing relationship: /_rels/.rels
17:21:20:482 [main] INFO  testCases.TC003_LoginDDT - ****Starting TC003_LoginDDT *****
17:21:20:684 [main] INFO  testCases.TC003_LoginDDT - Clicked on 'MyAccount' Link
17:21:20:221 [main] INFO  testCases.TC003_LoginDDT - Clicked on 'Login' link
17:21:20:412 [main] INFO  testCases.TC003_LoginDDT - Email entered....
17:21:20:539 [main] INFO  testCases.TC003_LoginDDT - Password entered.....
17:21:20:692 [main] INFO  testCases.TC003_LoginDDT - Evaluating login status...
17:21:20:960 [main] INFO  testCases.TC003_LoginDDT - ****Completed TC003_LoginDDT *****
17:21:20:975 [main] INFO  testCases.TC003_LoginDDT - ****Starting TC003_LoginDDT *****
17:21:20:091 [main] INFO  testCases.TC003_LoginDDT - Clicked on 'MyAccount' Link
17:21:20:558 [main] INFO  testCases.TC003_LoginDDT - Clicked on 'Login' link
17:21:20:727 [main] INFO  testCases.TC003_LoginDDT - Email entered....
17:21:20:857 [main] INFO  testCases.TC003_LoginDDT - Password entered.....
17:21:20:020 [main] INFO  testCases.TC003_LoginDDT - Evaluating login status...
17:22:20:842 [main] INFO  testCases.TC003_LoginDDT - ****Starting TC003_LoginDDT *****
17:22:20:944 [main] INFO  testCases.TC003_LoginDDT - Clicked on 'MyAccount' Link
17:22:20:399 [main] INFO  testCases.TC003_LoginDDT - Clicked on 'Login' link
17:22:20:531 [main] INFO  testCases.TC003_LoginDDT - Email entered....
17:22:20:630 [main] INFO  testCases.TC003_LoginDDT - Password entered.....
17:22:20:487 [main] INFO  testCases.TC003_LoginDDT - Evaluating login status...
17:22:20:529 [main] INFO  testCases.TC003_LoginDDT - ****Starting TC003_LoginDDT *****
17:22:20:647 [main] INFO  testCases.TC003_LoginDDT - Clicked on 'MyAccount' Link
17:22:20:392 [main] INFO  testCases.TC003_LoginDDT - Clicked on 'Login' link
17:22:20:542 [main] INFO  testCases.TC003_LoginDDT - Email entered....
17:22:20:630 [main] INFO  testCases.TC003_LoginDDT - Password entered.....
17:22:20:724 [main] INFO  testCases.TC003_LoginDDT - Evaluating login status...
17:22:20:580 [main] INFO  testCases.TC003_LoginDDT - ****Starting TC003_LoginDDT *****
17:22:20:681 [main] INFO  testCases.TC003_LoginDDT - Clicked on 'MyAccount' Link
17:22:20:113 [main] INFO  testCases.TC003_LoginDDT - Clicked on 'Login' link
17:22:20:249 [main] INFO  testCases.TC003_LoginDDT - Email entered....
17:22:20:349 [main] INFO  testCases.TC003_LoginDDT - Password entered.....
17:22:20:448 [main] INFO  testCases.TC003_LoginDDT - Evaluating login status...
17:22:20:532 [main] INFO  testCases.TC003_LoginDDT - ****Completed TC003_LoginDDT *****
17:31:20:304 [main] DEBUG org.testng.TestNG - suiteXmlPath: "C:\workspaces\java selenium\OpencartV121\master.xml"
17:31:20:729 [main] INFO  org.testng.internal.Utils - [TestNG] Running:
  C:\workspaces\java selenium\OpencartV121\master.xml

17:31:20:249 [main] DEBUG org.apache.poi.openxml4j.opc.PackageRelationshipCollection - Parsing relationship: /xl/_rels/workbook.xml.rels
17:31:20:254 [main] DEBUG org.apache.poi.openxml4j.opc.PackageRelationshipCollection - Parsing relationship: /xl/worksheets/_rels/sheet1.xml.rels
17:31:20:256 [main] DEBUG org.apache.poi.openxml4j.opc.PackageRelationshipCollection - Parsing relationship: /_rels/.rels
17:31:20:041 [main] DEBUG org.apache.poi.openxml4j.opc.PackageRelationshipCollection - Parsing relationship: /xl/_rels/workbook.xml.rels
17:31:20:043 [main] DEBUG org.apache.poi.openxml4j.opc.PackageRelationshipCollection - Parsing relationship: /xl/worksheets/_rels/sheet1.xml.rels
17:31:20:045 [main] DEBUG org.apache.poi.openxml4j.opc.PackageRelationshipCollection - Parsing relationship: /_rels/.rels
17:31:20:107 [main] DEBUG org.apache.poi.openxml4j.opc.PackageRelationshipCollection - Parsing relationship: /xl/_rels/workbook.xml.rels
17:31:20:110 [main] DEBUG org.apache.poi.openxml4j.opc.PackageRelationshipCollection - Parsing relationship: /xl/worksheets/_rels/sheet1.xml.rels
17:31:20:112 [main] DEBUG org.apache.poi.openxml4j.opc.PackageRelationshipCollection - Parsing relationship: /_rels/.rels
17:31:20:193 [main] DEBUG org.apache.poi.openxml4j.opc.PackageRelationshipCollection - Parsing relationship: /xl/_rels/workbook.xml.rels
17:31:20:195 [main] DEBUG org.apache.poi.openxml4j.opc.PackageRelationshipCollection - Parsing relationship: /xl/worksheets/_rels/sheet1.xml.rels
17:31:20:197 [main] DEBUG org.apache.poi.openxml4j.opc.PackageRelationshipCollection - Parsing relationship: /_rels/.rels
17:31:20:249 [main] DEBUG org.apache.poi.openxml4j.opc.PackageRelationshipCollection - Parsing relationship: /xl/_rels/workbook.xml.rels
17:31:20:251 [main] DEBUG org.apache.poi.openxml4j.opc.PackageRelationshipCollection - Parsing relationship: /xl/worksheets/_rels/sheet1.xml.rels
17:31:20:253 [main] DEBUG org.apache.poi.openxml4j.opc.PackageRelationshipCollection - Parsing relationship: /_rels/.rels
17:31:20:294 [main] DEBUG org.apache.poi.openxml4j.opc.PackageRelationshipCollection - Parsing relationship: /xl/_rels/workbook.xml.rels
17:31:20:296 [main] DEBUG org.apache.poi.openxml4j.opc.PackageRelationshipCollection - Parsing relationship: /xl/worksheets/_rels/sheet1.xml.rels
17:31:20:298 [main] DEBUG org.apache.poi.openxml4j.opc.PackageRelationshipCollection - Parsing relationship: /_rels/.rels
17:31:20:340 [main] DEBUG org.apache.poi.openxml4j.opc.PackageRelationshipCollection - Parsing relationship: /xl/_rels/workbook.xml.rels
17:31:20:342 [main] DEBUG org.apache.poi.openxml4j.opc.PackageRelationshipCollection - Parsing relationship: /xl/worksheets/_rels/sheet1.xml.rels
17:31:20:343 [main] DEBUG org.apache.poi.openxml4j.opc.PackageRelationshipCollection - Parsing relationship: /_rels/.rels
17:31:20:401 [main] DEBUG org.apache.poi.openxml4j.opc.PackageRelationshipCollection - Parsing relationship: /xl/_rels/workbook.xml.rels
17:31:20:403 [main] DEBUG org.apache.poi.openxml4j.opc.PackageRelationshipCollection - Parsing relationship: /xl/worksheets/_rels/sheet1.xml.rels
17:31:20:404 [main] DEBUG org.apache.poi.openxml4j.opc.PackageRelationshipCollection - Parsing relationship: /_rels/.rels
17:31:20:442 [main] DEBUG org.apache.poi.openxml4j.opc.PackageRelationshipCollection - Parsing relationship: /xl/_rels/workbook.xml.rels
17:31:20:444 [main] DEBUG org.apache.poi.openxml4j.opc.PackageRelationshipCollection - Parsing relationship: /xl/worksheets/_rels/sheet1.xml.rels
17:31:20:446 [main] DEBUG org.apache.poi.openxml4j.opc.PackageRelationshipCollection - Parsing relationship: /_rels/.rels
17:31:20:483 [main] DEBUG org.apache.poi.openxml4j.opc.PackageRelationshipCollection - Parsing relationship: /xl/_rels/workbook.xml.rels
17:31:20:485 [main] DEBUG org.apache.poi.openxml4j.opc.PackageRelationshipCollection - Parsing relationship: /xl/worksheets/_rels/sheet1.xml.rels
17:31:20:487 [main] DEBUG org.apache.poi.openxml4j.opc.PackageRelationshipCollection - Parsing relationship: /_rels/.rels
17:31:20:791 [main] DEBUG org.apache.poi.openxml4j.opc.PackageRelationshipCollection - Parsing relationship: /xl/_rels/workbook.xml.rels
17:31:20:793 [main] DEBUG org.apache.poi.openxml4j.opc.PackageRelationshipCollection - Parsing relationship: /xl/worksheets/_rels/sheet1.xml.rels
17:31:20:795 [main] DEBUG org.apache.poi.openxml4j.opc.PackageRelationshipCollection - Parsing relationship: /_rels/.rels
17:31:20:848 [main] DEBUG org.apache.poi.openxml4j.opc.PackageRelationshipCollection - Parsing relationship: /xl/_rels/workbook.xml.rels
17:31:20:850 [main] DEBUG org.apache.poi.openxml4j.opc.PackageRelationshipCollection - Parsing relationship: /xl/worksheets/_rels/sheet1.xml.rels
17:31:20:851 [main] DEBUG org.apache.poi.openxml4j.opc.PackageRelationshipCollection - Parsing relationship: /_rels/.rels
17:31:20:916 [main] DEBUG org.apache.poi.openxml4j.opc.PackageRelationshipCollection - Parsing relationship: /xl/_rels/workbook.xml.rels
17:31:20:921 [main] DEBUG org.apache.poi.openxml4j.opc.PackageRelationshipCollection - Parsing relationship: /xl/worksheets/_rels/sheet1.xml.rels
17:31:20:923 [main] DEBUG org.apache.poi.openxml4j.opc.PackageRelationshipCollection - Parsing relationship: /_rels/.rels
17:31:20:998 [main] DEBUG org.apache.poi.openxml4j.opc.PackageRelationshipCollection - Parsing relationship: /xl/_rels/workbook.xml.rels
17:31:20:001 [main] DEBUG org.apache.poi.openxml4j.opc.PackageRelationshipCollection - Parsing relationship: /xl/worksheets/_rels/sheet1.xml.rels
17:31:20:004 [main] DEBUG org.apache.poi.openxml4j.opc.PackageRelationshipCollection - Parsing relationship: /_rels/.rels
17:31:20:060 [main] DEBUG org.apache.poi.openxml4j.opc.PackageRelationshipCollection - Parsing relationship: /xl/_rels/workbook.xml.rels
17:31:20:064 [main] DEBUG org.apache.poi.openxml4j.opc.PackageRelationshipCollection - Parsing relationship: /xl/worksheets/_rels/sheet1.xml.rels
17:31:20:065 [main] DEBUG org.apache.poi.openxml4j.opc.PackageRelationshipCollection - Parsing relationship: /_rels/.rels
17:31:20:135 [main] DEBUG org.apache.poi.openxml4j.opc.PackageRelationshipCollection - Parsing relationship: /xl/_rels/workbook.xml.rels
17:31:20:136 [main] DEBUG org.apache.poi.openxml4j.opc.PackageRelationshipCollection - Parsing relationship: /xl/worksheets/_rels/sheet1.xml.rels
17:31:20:138 [main] DEBUG org.apache.poi.openxml4j.opc.PackageRelationshipCollection - Parsing relationship: /_rels/.rels
17:31:20:192 [main] DEBUG org.apache.poi.openxml4j.opc.PackageRelationshipCollection - Parsing relationship: /xl/_rels/workbook.xml.rels
17:31:20:194 [main] DEBUG org.apache.poi.openxml4j.opc.PackageRelationshipCollection - Parsing relationship: /xl/worksheets/_rels/sheet1.xml.rels
17:31:20:196 [main] DEBUG org.apache.poi.openxml4j.opc.PackageRelationshipCollection - Parsing relationship: /_rels/.rels
17:31:20:254 [main] INFO  testCases.TC003_LoginDDT - ****Starting TC003_LoginDDT *****
17:31:20:477 [main] INFO  testCases.TC003_LoginDDT - Clicked on 'MyAccount' Link
17:31:20:022 [main] INFO  testCases.TC003_LoginDDT - Clicked on 'Login' link
17:31:20:218 [main] INFO  testCases.TC003_LoginDDT - Email entered....
17:31:20:345 [main] INFO  testCases.TC003_LoginDDT - Password entered.....
17:31:20:469 [main] INFO  testCases.TC003_LoginDDT - Evaluating login status...
17:31:20:350 [main] INFO  testCases.TC003_LoginDDT - ****Completed TC003_LoginDDT *****
17:31:20:366 [main] INFO  testCases.TC003_LoginDDT - ****Starting TC003_LoginDDT *****
17:31:20:481 [main] INFO  testCases.TC003_LoginDDT - Clicked on 'MyAccount' Link
17:31:20:988 [main] INFO  testCases.TC003_LoginDDT - Clicked on 'Login' link
17:31:20:161 [main] INFO  testCases.TC003_LoginDDT - Email entered....
17:31:20:271 [main] INFO  testCases.TC003_LoginDDT - Password entered.....
17:31:20:383 [main] INFO  testCases.TC003_LoginDDT - Evaluating login status...
17:31:20:464 [main] INFO  testCases.TC003_LoginDDT - ****Completed TC003_LoginDDT *****
17:31:20:480 [main] INFO  testCases.TC003_LoginDDT - ****Starting TC003_LoginDDT *****
17:31:20:620 [main] INFO  testCases.TC003_LoginDDT - Clicked on 'MyAccount' Link
17:31:20:041 [main] INFO  testCases.TC003_LoginDDT - Clicked on 'Login' link
17:31:20:172 [main] INFO  testCases.TC003_LoginDDT - Email entered....
17:31:20:268 [main] INFO  testCases.TC003_LoginDDT - Password entered.....
17:31:20:114 [main] INFO  testCases.TC003_LoginDDT - Evaluating login status...
17:32:20:201 [main] INFO  testCases.TC003_LoginDDT - ****Completed TC003_LoginDDT *****
17:32:20:214 [main] INFO  testCases.TC003_LoginDDT - ****Starting TC003_LoginDDT *****
17:32:20:351 [main] INFO  testCases.TC003_LoginDDT - Clicked on 'MyAccount' Link
17:32:20:812 [main] INFO  testCases.TC003_LoginDDT - Clicked on 'Login' link
17:32:20:956 [main] INFO  testCases.TC003_LoginDDT - Email entered....
17:32:20:041 [main] INFO  testCases.TC003_LoginDDT - Password entered.....
17:32:20:142 [main] INFO  testCases.TC003_LoginDDT - Evaluating login status...
17:32:20:167 [main] INFO  testCases.TC003_LoginDDT - ****Completed TC003_LoginDDT *****
17:32:20:176 [main] INFO  testCases.TC003_LoginDDT - ****Starting TC003_LoginDDT *****
17:32:20:315 [main] INFO  testCases.TC003_LoginDDT - Clicked on 'MyAccount' Link
17:32:20:769 [main] INFO  testCases.TC003_LoginDDT - Clicked on 'Login' link
17:32:20:900 [main] INFO  testCases.TC003_LoginDDT - Email entered....
17:32:20:000 [main] INFO  testCases.TC003_LoginDDT - Password entered.....
17:32:20:097 [main] INFO  testCases.TC003_LoginDDT - Evaluating login status...
17:32:20:204 [main] INFO  testCases.TC003_LoginDDT - ****Completed TC003_LoginDDT *****
13:49:21:220 [main] DEBUG org.testng.TestNG - suiteXmlPath: "C:\workspaces\java selenium\OpencartV121\grouping.xml"
13:49:21:774 [main] INFO  org.testng.internal.Utils - [TestNG] Running:
  C:\workspaces\java selenium\OpencartV121\grouping.xml

13:49:21:825 [main] INFO  testCases.TC001_AccountRegistrationTest - ****** Starting TC001_AccountRegistrationTest ******
13:49:21:115 [main] INFO  testCases.TC001_AccountRegistrationTest - Clicked on 'MyAccount' Link
13:49:21:129 [main] INFO  testCases.TC001_AccountRegistrationTest - Clicked on 'Register' Link
13:49:21:175 [main] INFO  testCases.TC001_AccountRegistrationTest - Providing customer details......
13:49:21:287 [main] INFO  testCases.TC001_AccountRegistrationTest - Validating expected message....
13:49:21:460 [main] INFO  testCases.TC001_AccountRegistrationTest - ***** Finished: TC001_AccountRegistrationTest*******
13:49:21:093 [main] INFO  testCases.TC002_LoginTest - ****Starting TC002_LoginTest *****
13:49:21:445 [main] INFO  testCases.TC002_LoginTest - Clicked on 'MyAccount' Link
13:49:21:999 [main] INFO  testCases.TC002_LoginTest - Clicked on 'Login' link
13:49:21:229 [main] INFO  testCases.TC002_LoginTest - Email entered....
13:49:21:510 [main] INFO  testCases.TC002_LoginTest - Password entered.....
13:49:21:186 [main] INFO  testCases.TC002_LoginTest - Evaluating login status...
13:49:21:294 [main] INFO  testCases.TC002_LoginTest - ****Finished TC002_LoginTest *****
13:52:21:130 [main] DEBUG org.testng.TestNG - suiteXmlPath: "C:\workspaces\java selenium\OpencartV121\grouping.xml"
13:52:21:563 [main] INFO  org.testng.internal.Utils - [TestNG] Running:
  C:\workspaces\java selenium\OpencartV121\grouping.xml

13:52:21:240 [main] INFO  testCases.TC001_AccountRegistrationTest - ****** Starting TC001_AccountRegistrationTest ******
13:52:21:422 [main] INFO  testCases.TC001_AccountRegistrationTest - Clicked on 'MyAccount' Link
13:52:21:560 [main] INFO  testCases.TC001_AccountRegistrationTest - Clicked on 'Register' Link
13:52:21:572 [main] INFO  testCases.TC001_AccountRegistrationTest - Providing customer details......
13:52:21:577 [main] INFO  testCases.TC001_AccountRegistrationTest - Validating expected message....
13:52:21:753 [main] INFO  testCases.TC001_AccountRegistrationTest - ***** Finished: TC001_AccountRegistrationTest*******
06:56:28:117 [main] DEBUG org.testng.TestNG - suiteXmlPath: "C:\workspaces\java selenium\OpencartV121\grouping.xml"
06:56:28:658 [main] INFO  org.testng.internal.Utils - [TestNG] Running:
  C:\workspaces\java selenium\OpencartV121\grouping.xml

06:57:28:735 [main] INFO  testCases.TC001_AccountRegistrationTest - ****** Starting TC001_AccountRegistrationTest ******
06:57:28:448 [main] INFO  testCases.TC001_AccountRegistrationTest - Clicked on 'MyAccount' Link
06:57:28:961 [main] INFO  testCases.TC001_AccountRegistrationTest - Clicked on 'Register' Link
06:57:28:034 [main] INFO  testCases.TC001_AccountRegistrationTest - Providing customer details......
06:57:28:007 [main] INFO  testCases.TC001_AccountRegistrationTest - Validating expected message....
06:57:28:099 [main] INFO  testCases.TC001_AccountRegistrationTest - ***** Finished: TC001_AccountRegistrationTest*******
