06:57:28:040 [main] INFO  testCases.TC002_LoginTest - ****Starting TC002_LoginTest *****
06:57:28:578 [main] INFO  testCases.TC002_LoginTest - Clicked on 'MyAccount' Link
06:57:28:246 [main] INFO  testCases.TC002_LoginTest - Clicked on 'Login' link
06:57:28:560 [main] INFO  testCases.TC002_LoginTest - Email entered....
06:57:28:730 [main] INFO  testCases.TC002_LoginTest - Password entered.....
06:57:28:500 [main] INFO  testCases.TC002_LoginTest - Evaluating login status...
06:57:28:567 [main] INFO  testCases.TC002_LoginTest - ****Finished TC002_LoginTest *****
07:03:28:075 [main] DEBUG org.testng.TestNG - suiteXmlPath: "C:\workspaces\java selenium\OpencartV121\grouping.xml"
07:03:28:498 [main] INFO  org.testng.internal.Utils - [TestNG] Running:
  C:\workspaces\java selenium\OpencartV121\grouping.xml

07:03:28:605 [main] INFO  testCases.TC001_AccountRegistrationTest - ****** Starting TC001_AccountRegistrationTest ******
07:03:28:361 [main] INFO  testCases.TC001_AccountRegistrationTest - Clicked on 'MyAccount' Link
07:03:28:538 [main] INFO  testCases.TC001_AccountRegistrationTest - Clicked on 'Register' Link
07:03:28:544 [main] INFO  testCases.TC001_AccountRegistrationTest - Providing customer details......
07:03:28:673 [main] INFO  testCases.TC001_AccountRegistrationTest - Validating expected message....
07:03:28:756 [main] INFO  testCases.TC001_AccountRegistrationTest - ***** Finished: TC001_AccountRegistrationTest*******
07:04:28:753 [main] INFO  testCases.TC002_LoginTest - ****Starting TC002_LoginTest *****
07:04:28:059 [main] INFO  testCases.TC002_LoginTest - Clicked on 'MyAccount' Link
07:04:28:788 [main] INFO  testCases.TC002_LoginTest - Clicked on 'Login' link
07:04:28:018 [main] INFO  testCases.TC002_LoginTest - Email entered....
07:04:28:192 [main] INFO  testCases.TC002_LoginTest - Password entered.....
07:04:28:284 [main] INFO  testCases.TC002_LoginTest - Evaluating login status...
07:22:28:610 [main] DEBUG org.testng.TestNG - suiteXmlPath: "C:\workspaces\java selenium\OpencartV121\test-output\testng-failed.xml"
07:22:28:165 [main] INFO  org.testng.internal.Utils - [TestNG] Running:
  C:\workspaces\java selenium\OpencartV121\test-output\testng-failed.xml

07:22:28:510 [main] INFO  testCases.TC002_LoginTest - ****Starting TC002_LoginTest *****
07:22:28:274 [main] INFO  testCases.TC002_LoginTest - Clicked on 'MyAccount' Link
07:22:28:841 [main] INFO  testCases.TC002_LoginTest - Clicked on 'Login' link
07:22:28:141 [main] INFO  testCases.TC002_LoginTest - Email entered....
07:22:28:377 [main] INFO  testCases.TC002_LoginTest - Password entered.....
07:22:28:080 [main] INFO  testCases.TC002_LoginTest - Evaluating login status...
07:22:28:168 [main] INFO  testCases.TC002_LoginTest - ****Finished TC002_LoginTest *****
07:29:28:539 [main] DEBUG org.testng.TestNG - suiteXmlPath: "C:\workspaces\java selenium\OpencartV121\master.xml"
07:29:28:981 [main] INFO  org.testng.internal.Utils - [TestNG] Running:
  C:\workspaces\java selenium\OpencartV121\master.xml

07:29:28:559 [main] DEBUG org.apache.poi.openxml4j.opc.PackageRelationshipCollection - Parsing relationship: /xl/_rels/workbook.xml.rels
07:29:28:565 [main] DEBUG org.apache.poi.openxml4j.opc.PackageRelationshipCollection - Parsing relationship: /xl/worksheets/_rels/sheet1.xml.rels
07:29:28:566 [main] DEBUG org.apache.poi.openxml4j.opc.PackageRelationshipCollection - Parsing relationship: /_rels/.rels
07:29:28:377 [main] DEBUG org.apache.poi.openxml4j.opc.PackageRelationshipCollection - Parsing relationship: /xl/_rels/workbook.xml.rels
07:29:28:379 [main] DEBUG org.apache.poi.openxml4j.opc.PackageRelationshipCollection - Parsing relationship: /xl/worksheets/_rels/sheet1.xml.rels
07:29:28:381 [main] DEBUG org.apache.poi.openxml4j.opc.PackageRelationshipCollection - Parsing relationship: /_rels/.rels
07:29:28:429 [main] DEBUG org.apache.poi.openxml4j.opc.PackageRelationshipCollection - Parsing relationship: /xl/_rels/workbook.xml.rels
07:29:28:431 [main] DEBUG org.apache.poi.openxml4j.opc.PackageRelationshipCollection - Parsing relationship: /xl/worksheets/_rels/sheet1.xml.rels
07:29:28:433 [main] DEBUG org.apache.poi.openxml4j.opc.PackageRelationshipCollection - Parsing relationship: /_rels/.rels
07:29:28:507 [main] DEBUG org.apache.poi.openxml4j.opc.PackageRelationshipCollection - Parsing relationship: /xl/_rels/workbook.xml.rels
07:29:28:509 [main] DEBUG org.apache.poi.openxml4j.opc.PackageRelationshipCollection - Parsing relationship: /xl/worksheets/_rels/sheet1.xml.rels
07:29:28:510 [main] DEBUG org.apache.poi.openxml4j.opc.PackageRelationshipCollection - Parsing relationship: /_rels/.rels
07:29:28:548 [main] DEBUG org.apache.poi.openxml4j.opc.PackageRelationshipCollection - Parsing relationship: /xl/_rels/workbook.xml.rels
07:29:28:549 [main] DEBUG org.apache.poi.openxml4j.opc.PackageRelationshipCollection - Parsing relationship: /xl/worksheets/_rels/sheet1.xml.rels
07:29:28:551 [main] DEBUG org.apache.poi.openxml4j.opc.PackageRelationshipCollection - Parsing relationship: /_rels/.rels
07:29:28:590 [main] DEBUG org.apache.poi.openxml4j.opc.PackageRelationshipCollection - Parsing relationship: /xl/_rels/workbook.xml.rels
07:29:28:591 [main] DEBUG org.apache.poi.openxml4j.opc.PackageRelationshipCollection - Parsing relationship: /xl/worksheets/_rels/sheet1.xml.rels
07:29:28:592 [main] DEBUG org.apache.poi.openxml4j.opc.PackageRelationshipCollection - Parsing relationship: /_rels/.rels
07:29:28:631 [main] DEBUG org.apache.poi.openxml4j.opc.PackageRelationshipCollection - Parsing relationship: /xl/_rels/workbook.xml.rels
07:29:28:632 [main] DEBUG org.apache.poi.openxml4j.opc.PackageRelationshipCollection - Parsing relationship: /xl/worksheets/_rels/sheet1.xml.rels
07:29:28:634 [main] DEBUG org.apache.poi.openxml4j.opc.PackageRelationshipCollection - Parsing relationship: /_rels/.rels
07:29:28:699 [main] DEBUG org.apache.poi.openxml4j.opc.PackageRelationshipCollection - Parsing relationship: /xl/_rels/workbook.xml.rels
07:29:28:701 [main] DEBUG org.apache.poi.openxml4j.opc.PackageRelationshipCollection - Parsing relationship: /xl/worksheets/_rels/sheet1.xml.rels
07:29:28:702 [main] DEBUG org.apache.poi.openxml4j.opc.PackageRelationshipCollection - Parsing relationship: /_rels/.rels
07:29:28:830 [main] DEBUG org.apache.poi.openxml4j.opc.PackageRelationshipCollection - Parsing relationship: /xl/_rels/workbook.xml.rels
07:29:28:833 [main] DEBUG org.apache.poi.openxml4j.opc.PackageRelationshipCollection - Parsing relationship: /xl/worksheets/_rels/sheet1.xml.rels
07:29:28:860 [main] DEBUG org.apache.poi.openxml4j.opc.PackageRelationshipCollection - Parsing relationship: /_rels/.rels
07:29:28:925 [main] DEBUG org.apache.poi.openxml4j.opc.PackageRelationshipCollection - Parsing relationship: /xl/_rels/workbook.xml.rels
07:29:28:929 [main] DEBUG org.apache.poi.openxml4j.opc.PackageRelationshipCollection - Parsing relationship: /xl/worksheets/_rels/sheet1.xml.rels
07:29:28:938 [main] DEBUG org.apache.poi.openxml4j.opc.PackageRelationshipCollection - Parsing relationship: /_rels/.rels
07:29:28:049 [main] DEBUG org.apache.poi.openxml4j.opc.PackageRelationshipCollection - Parsing relationship: /xl/_rels/workbook.xml.rels
07:29:28:052 [main] DEBUG org.apache.poi.openxml4j.opc.PackageRelationshipCollection - Parsing relationship: /xl/worksheets/_rels/sheet1.xml.rels
07:29:28:053 [main] DEBUG org.apache.poi.openxml4j.opc.PackageRelationshipCollection - Parsing relationship: /_rels/.rels
07:29:28:114 [main] DEBUG org.apache.poi.openxml4j.opc.PackageRelationshipCollection - Parsing relationship: /xl/_rels/workbook.xml.rels
07:29:28:121 [main] DEBUG org.apache.poi.openxml4j.opc.PackageRelationshipCollection - Parsing relationship: /xl/worksheets/_rels/sheet1.xml.rels
07:29:28:123 [main] DEBUG org.apache.poi.openxml4j.opc.PackageRelationshipCollection - Parsing relationship: /_rels/.rels
07:29:28:184 [main] DEBUG org.apache.poi.openxml4j.opc.PackageRelationshipCollection - Parsing relationship: /xl/_rels/workbook.xml.rels
07:29:28:186 [main] DEBUG org.apache.poi.openxml4j.opc.PackageRelationshipCollection - Parsing relationship: /xl/worksheets/_rels/sheet1.xml.rels
07:29:28:189 [main] DEBUG org.apache.poi.openxml4j.opc.PackageRelationshipCollection - Parsing relationship: /_rels/.rels
07:29:28:263 [main] DEBUG org.apache.poi.openxml4j.opc.PackageRelationshipCollection - Parsing relationship: /xl/_rels/workbook.xml.rels
07:29:28:264 [main] DEBUG org.apache.poi.openxml4j.opc.PackageRelationshipCollection - Parsing relationship: /xl/worksheets/_rels/sheet1.xml.rels
07:29:28:265 [main] DEBUG org.apache.poi.openxml4j.opc.PackageRelationshipCollection - Parsing relationship: /_rels/.rels
07:29:28:312 [main] DEBUG org.apache.poi.openxml4j.opc.PackageRelationshipCollection - Parsing relationship: /xl/_rels/workbook.xml.rels
07:29:28:314 [main] DEBUG org.apache.poi.openxml4j.opc.PackageRelationshipCollection - Parsing relationship: /xl/worksheets/_rels/sheet1.xml.rels
07:29:28:315 [main] DEBUG org.apache.poi.openxml4j.opc.PackageRelationshipCollection - Parsing relationship: /_rels/.rels
07:29:28:397 [main] DEBUG org.apache.poi.openxml4j.opc.PackageRelationshipCollection - Parsing relationship: /xl/_rels/workbook.xml.rels
07:29:28:399 [main] DEBUG org.apache.poi.openxml4j.opc.PackageRelationshipCollection - Parsing relationship: /xl/worksheets/_rels/sheet1.xml.rels
07:29:28:400 [main] DEBUG org.apache.poi.openxml4j.opc.PackageRelationshipCollection - Parsing relationship: /_rels/.rels
07:29:28:446 [main] DEBUG org.apache.poi.openxml4j.opc.PackageRelationshipCollection - Parsing relationship: /xl/_rels/workbook.xml.rels
07:29:28:447 [main] DEBUG org.apache.poi.openxml4j.opc.PackageRelationshipCollection - Parsing relationship: /xl/worksheets/_rels/sheet1.xml.rels
07:29:28:449 [main] DEBUG org.apache.poi.openxml4j.opc.PackageRelationshipCollection - Parsing relationship: /_rels/.rels
07:29:28:522 [main] INFO  testCases.TC003_LoginDDT - ****Starting TC003_LoginDDT *****
07:29:28:713 [main] INFO  testCases.TC003_LoginDDT - Clicked on 'MyAccount' Link
07:29:28:307 [main] INFO  testCases.TC003_LoginDDT - Clicked on 'Login' link
07:29:28:634 [main] INFO  testCases.TC003_LoginDDT - Email entered....
07:29:28:825 [main] INFO  testCases.TC003_LoginDDT - Password entered.....
07:29:28:443 [main] INFO  testCases.TC003_LoginDDT - Evaluating login status...
07:29:28:615 [main] INFO  testCases.TC003_LoginDDT - ****Completed TC003_LoginDDT *****
07:29:28:718 [main] INFO  testCases.TC003_LoginDDT - ****Starting TC003_LoginDDT *****
07:29:28:929 [main] INFO  testCases.TC003_LoginDDT - Clicked on 'MyAccount' Link
07:29:28:617 [main] INFO  testCases.TC003_LoginDDT - Clicked on 'Login' link
07:29:28:911 [main] INFO  testCases.TC003_LoginDDT - Email entered....
07:29:28:126 [main] INFO  testCases.TC003_LoginDDT - Password entered.....
07:29:28:222 [main] INFO  testCases.TC003_LoginDDT - Evaluating login status...
07:29:28:315 [main] INFO  testCases.TC003_LoginDDT - ****Completed TC003_LoginDDT *****
07:29:28:319 [main] INFO  testCases.TC003_LoginDDT - ****Starting TC003_LoginDDT *****
07:29:28:455 [main] INFO  testCases.TC003_LoginDDT - Clicked on 'MyAccount' Link
07:29:28:070 [main] INFO  testCases.TC003_LoginDDT - Clicked on 'Login' link
07:29:28:316 [main] INFO  testCases.TC003_LoginDDT - Email entered....
07:29:28:457 [main] INFO  testCases.TC003_LoginDDT - Password entered.....
07:29:28:757 [main] INFO  testCases.TC003_LoginDDT - Evaluating login status...
07:29:28:788 [main] INFO  testCases.TC003_LoginDDT - ****Completed TC003_LoginDDT *****
07:29:28:802 [main] INFO  testCases.TC003_LoginDDT - ****Starting TC003_LoginDDT *****
07:29:28:080 [main] INFO  testCases.TC003_LoginDDT - Clicked on 'MyAccount' Link
07:29:28:828 [main] INFO  testCases.TC003_LoginDDT - Clicked on 'Login' link
07:29:28:090 [main] INFO  testCases.TC003_LoginDDT - Email entered....
07:29:28:222 [main] INFO  testCases.TC003_LoginDDT - Password entered.....
07:29:28:401 [main] INFO  testCases.TC003_LoginDDT - Evaluating login status...
07:30:28:496 [main] INFO  testCases.TC003_LoginDDT - ****Completed TC003_LoginDDT *****
07:30:28:504 [main] INFO  testCases.TC003_LoginDDT - ****Starting TC003_LoginDDT *****
07:30:28:676 [main] INFO  testCases.TC003_LoginDDT - Clicked on 'MyAccount' Link
07:30:28:214 [main] INFO  testCases.TC003_LoginDDT - Clicked on 'Login' link
07:30:28:353 [main] INFO  testCases.TC003_LoginDDT - Email entered....
07:30:28:460 [main] INFO  testCases.TC003_LoginDDT - Password entered.....
07:30:28:157 [main] INFO  testCases.TC003_LoginDDT - Evaluating login status...
07:30:28:341 [main] INFO  testCases.TC003_LoginDDT - ****Completed TC003_LoginDDT *****
07:31:28:580 [main] DEBUG org.testng.TestNG - suiteXmlPath: "C:\workspaces\java selenium\OpencartV121\grouping.xml"
07:31:28:036 [main] INFO  org.testng.internal.Utils - [TestNG] Running:
  C:\workspaces\java selenium\OpencartV121\grouping.xml

07:31:28:975 [main] INFO  testCases.TC001_AccountRegistrationTest - ****** Starting TC001_AccountRegistrationTest ******
07:31:28:647 [main] INFO  testCases.TC001_AccountRegistrationTest - Clicked on 'MyAccount' Link
07:31:28:650 [main] INFO  testCases.TC001_AccountRegistrationTest - Clicked on 'Register' Link
07:31:28:713 [main] INFO  testCases.TC001_AccountRegistrationTest - Providing customer details......
07:31:28:332 [main] INFO  testCases.TC001_AccountRegistrationTest - Validating expected message....
07:31:28:420 [main] ERROR testCases.TC001_AccountRegistrationTest - Test failed
07:31:28:421 [main] DEBUG testCases.TC001_AccountRegistrationTest - Debug logs...
07:32:28:215 [main] INFO  testCases.TC002_LoginTest - ****Starting TC002_LoginTest *****
07:32:28:826 [main] INFO  testCases.TC002_LoginTest - Clicked on 'MyAccount' Link
07:32:28:461 [main] INFO  testCases.TC002_LoginTest - Clicked on 'Login' link
07:32:28:766 [main] INFO  testCases.TC002_LoginTest - Email entered....
07:32:28:949 [main] INFO  testCases.TC002_LoginTest - Password entered.....
07:32:28:680 [main] INFO  testCases.TC002_LoginTest - Evaluating login status...
07:32:28:789 [main] INFO  testCases.TC002_LoginTest - ****Finished TC002_LoginTest *****
07:34:28:078 [main] DEBUG org.testng.TestNG - suiteXmlPath: "C:\workspaces\java selenium\OpencartV121\grouping.xml"
07:34:28:531 [main] INFO  org.testng.internal.Utils - [TestNG] Running:
  C:\workspaces\java selenium\OpencartV121\grouping.xml

07:35:28:463 [main] INFO  testCases.TC001_AccountRegistrationTest - ****** Starting TC001_AccountRegistrationTest ******
07:35:28:072 [main] INFO  testCases.TC001_AccountRegistrationTest - Clicked on 'MyAccount' Link
07:35:28:119 [main] INFO  testCases.TC001_AccountRegistrationTest - Clicked on 'Register' Link
07:35:28:132 [main] INFO  testCases.TC001_AccountRegistrationTest - Providing customer details......
07:35:28:316 [main] INFO  testCases.TC001_AccountRegistrationTest - Validating expected message....
07:35:28:485 [main] ERROR testCases.TC001_AccountRegistrationTest - Test failed
07:35:28:485 [main] DEBUG testCases.TC001_AccountRegistrationTest - Debug logs...
07:35:28:084 [main] INFO  testCases.TC002_LoginTest - ****Starting TC002_LoginTest *****
07:35:28:397 [main] INFO  testCases.TC002_LoginTest - Clicked on 'MyAccount' Link
07:35:28:016 [main] INFO  testCases.TC002_LoginTest - Clicked on 'Login' link
07:35:28:200 [main] INFO  testCases.TC002_LoginTest - Email entered....
07:35:28:420 [main] INFO  testCases.TC002_LoginTest - Password entered.....
07:35:28:609 [main] INFO  testCases.TC002_LoginTest - Evaluating login status...
07:37:28:599 [main] DEBUG org.testng.TestNG - suiteXmlPath: "C:\workspaces\java selenium\OpencartV121\test-output\testng-failed.xml"
07:37:28:056 [main] INFO  org.testng.internal.Utils - [TestNG] Running:
  C:\workspaces\java selenium\OpencartV121\test-output\testng-failed.xml

07:37:28:433 [main] INFO  testCases.TC002_LoginTest - ****Starting TC002_LoginTest *****
07:37:28:631 [main] INFO  testCases.TC002_LoginTest - Clicked on 'MyAccount' Link
07:37:28:239 [main] INFO  testCases.TC002_LoginTest - Clicked on 'Login' link
07:37:28:516 [main] INFO  testCases.TC002_LoginTest - Email entered....
07:37:28:706 [main] INFO  testCases.TC002_LoginTest - Password entered.....
07:37:28:463 [main] INFO  testCases.TC002_LoginTest - Evaluating login status...
07:37:28:609 [main] INFO  testCases.TC002_LoginTest - ****Finished TC002_LoginTest *****
07:37:28:615 [main] INFO  testCases.TC001_AccountRegistrationTest - ****** Starting TC001_AccountRegistrationTest ******
07:37:28:936 [main] INFO  testCases.TC001_AccountRegistrationTest - Clicked on 'MyAccount' Link
07:37:28:894 [main] INFO  testCases.TC001_AccountRegistrationTest - Clicked on 'Register' Link
07:37:28:900 [main] INFO  testCases.TC001_AccountRegistrationTest - Providing customer details......
07:37:28:818 [main] INFO  testCases.TC001_AccountRegistrationTest - Validating expected message....
07:37:28:976 [main] INFO  testCases.TC001_AccountRegistrationTest - ***** Finished: TC001_AccountRegistrationTest*******
15:53:28:861 [main] DEBUG org.testng.TestNG - suiteXmlPath: "C:\workspaces\java selenium\OpencartV121\grouping.xml"
15:53:28:416 [main] INFO  org.testng.internal.Utils - [TestNG] Running:
  C:\workspaces\java selenium\OpencartV121\grouping.xml

15:54:28:343 [main] INFO  testCases.TC001_AccountRegistrationTest - ****** Starting TC001_AccountRegistrationTest ******
15:54:28:577 [main] INFO  testCases.TC001_AccountRegistrationTest - Clicked on 'MyAccount' Link
15:54:28:551 [main] INFO  testCases.TC001_AccountRegistrationTest - Clicked on 'Register' Link
15:54:28:573 [main] INFO  testCases.TC001_AccountRegistrationTest - Providing customer details......
15:54:28:159 [main] INFO  testCases.TC001_AccountRegistrationTest - Validating expected message....
15:54:28:247 [main] ERROR testCases.TC001_AccountRegistrationTest - Test failed
15:54:28:248 [main] DEBUG testCases.TC001_AccountRegistrationTest - Debug logs...
15:54:28:332 [main] INFO  testCases.TC002_LoginTest - ****Starting TC002_LoginTest *****
15:54:28:747 [main] INFO  testCases.TC002_LoginTest - Clicked on 'MyAccount' Link
15:54:28:258 [main] INFO  testCases.TC002_LoginTest - Clicked on 'Login' link
15:54:28:446 [main] INFO  testCases.TC002_LoginTest - Email entered....
15:54:28:575 [main] INFO  testCases.TC002_LoginTest - Password entered.....
15:54:28:720 [main] INFO  testCases.TC002_LoginTest - Evaluating login status...
15:54:28:930 [main] INFO  testCases.TC002_LoginTest - ****Finished TC002_LoginTest *****
15:54:28:420 [main] DEBUG org.testng.TestNG - suiteXmlPath: "C:\workspaces\java selenium\OpencartV121\grouping.xml"
15:54:28:845 [main] INFO  org.testng.internal.Utils - [TestNG] Running:
  C:\workspaces\java selenium\OpencartV121\grouping.xml

15:55:28:820 [main] INFO  testCases.TC001_AccountRegistrationTest - ****** Starting TC001_AccountRegistrationTest ******
15:55:28:021 [main] INFO  testCases.TC001_AccountRegistrationTest - Clicked on 'MyAccount' Link
15:55:28:581 [main] INFO  testCases.TC001_AccountRegistrationTest - Clicked on 'Register' Link
15:55:28:585 [main] INFO  testCases.TC001_AccountRegistrationTest - Providing customer details......
15:55:28:845 [main] INFO  testCases.TC001_AccountRegistrationTest - Validating expected message....
15:55:28:936 [main] INFO  testCases.TC001_AccountRegistrationTest - ***** Finished: TC001_AccountRegistrationTest*******
15:55:28:091 [main] INFO  testCases.TC002_LoginTest - ****Starting TC002_LoginTest *****
15:55:28:272 [main] INFO  testCases.TC002_LoginTest - Clicked on 'MyAccount' Link
15:55:28:833 [main] INFO  testCases.TC002_LoginTest - Clicked on 'Login' link
15:55:28:015 [main] INFO  testCases.TC002_LoginTest - Email entered....
15:55:28:162 [main] INFO  testCases.TC002_LoginTest - Password entered.....
15:55:28:324 [main] INFO  testCases.TC002_LoginTest - Evaluating login status...
15:55:28:398 [main] INFO  testCases.TC002_LoginTest - ****Finished TC002_LoginTest *****
15:57:28:066 [main] DEBUG org.testng.TestNG - suiteXmlPath: "C:\workspaces\java selenium\OpencartV121\grouping.xml"
15:57:28:572 [main] INFO  org.testng.internal.Utils - [TestNG] Running:
  C:\workspaces\java selenium\OpencartV121\grouping.xml

15:57:28:175 [main] INFO  testCases.TC001_AccountRegistrationTest - ****** Starting TC001_AccountRegistrationTest ******
15:57:28:354 [main] INFO  testCases.TC001_AccountRegistrationTest - Clicked on 'MyAccount' Link
15:57:28:209 [main] INFO  testCases.TC001_AccountRegistrationTest - Clicked on 'Register' Link
15:57:28:214 [main] INFO  testCases.TC001_AccountRegistrationTest - Providing customer details......
15:57:28:424 [main] INFO  testCases.TC001_AccountRegistrationTest - Validating expected message....
15:57:28:496 [main] INFO  testCases.TC001_AccountRegistrationTest - ***** Finished: TC001_AccountRegistrationTest*******
15:57:28:253 [main] INFO  testCases.TC002_LoginTest - ****Starting TC002_LoginTest *****
15:57:28:455 [main] INFO  testCases.TC002_LoginTest - Clicked on 'MyAccount' Link
15:57:28:055 [main] INFO  testCases.TC002_LoginTest - Clicked on 'Login' link
15:57:28:218 [main] INFO  testCases.TC002_LoginTest - Email entered....
15:57:28:343 [main] INFO  testCases.TC002_LoginTest - Password entered.....
15:57:28:477 [main] INFO  testCases.TC002_LoginTest - Evaluating login status...
15:57:28:603 [main] INFO  testCases.TC002_LoginTest - ****Finished TC002_LoginTest *****
15:57:28:074 [main] DEBUG org.testng.TestNG - suiteXmlPath: "C:\workspaces\java selenium\OpencartV121\grouping.xml"
15:57:28:499 [main] INFO  org.testng.internal.Utils - [TestNG] Running:
  C:\workspaces\java selenium\OpencartV121\grouping.xml

15:58:28:755 [main] INFO  testCases.TC001_AccountRegistrationTest - ****** Starting TC001_AccountRegistrationTest ******
15:58:28:925 [main] INFO  testCases.TC001_AccountRegistrationTest - Clicked on 'MyAccount' Link
15:58:28:982 [main] INFO  testCases.TC001_AccountRegistrationTest - Clicked on 'Register' Link
15:58:28:990 [main] INFO  testCases.TC001_AccountRegistrationTest - Providing customer details......
15:58:28:156 [main] INFO  testCases.TC001_AccountRegistrationTest - Validating expected message....
15:58:28:218 [main] INFO  testCases.TC001_AccountRegistrationTest - ***** Finished: TC001_AccountRegistrationTest*******
15:58:28:471 [main] INFO  testCases.TC002_LoginTest - ****Starting TC002_LoginTest *****
15:58:28:819 [main] INFO  testCases.TC002_LoginTest - Clicked on 'MyAccount' Link
15:58:28:376 [main] INFO  testCases.TC002_LoginTest - Clicked on 'Login' link
15:58:28:555 [main] INFO  testCases.TC002_LoginTest - Email entered....
15:58:28:691 [main] INFO  testCases.TC002_LoginTest - Password entered.....
15:58:28:844 [main] INFO  testCases.TC002_LoginTest - Evaluating login status...
15:58:28:972 [main] INFO  testCases.TC002_LoginTest - ****Finished TC002_LoginTest *****
15:59:28:176 [main] DEBUG org.testng.TestNG - suiteXmlPath: "C:\workspaces\java selenium\OpencartV121\crossbrowsertesting.xml"
15:59:28:724 [main] INFO  org.testng.internal.Utils - [TestNG] Running:
  C:\workspaces\java selenium\OpencartV121\crossbrowsertesting.xml

15:59:28:105 [TestNG-tests-2] INFO  testCases.TC001_AccountRegistrationTest - ****** Starting TC001_AccountRegistrationTest ******
15:59:28:525 [TestNG-tests-1] INFO  testCases.TC001_AccountRegistrationTest - ****** Starting TC001_AccountRegistrationTest ******
15:59:28:751 [TestNG-tests-1] INFO  testCases.TC001_AccountRegistrationTest - Clicked on 'MyAccount' Link
15:59:28:331 [TestNG-tests-1] INFO  testCases.TC001_AccountRegistrationTest - Clicked on 'Register' Link
15:59:28:340 [TestNG-tests-1] INFO  testCases.TC001_AccountRegistrationTest - Providing customer details......
15:59:28:294 [TestNG-tests-3] INFO  testCases.TC001_AccountRegistrationTest - ****** Starting TC001_AccountRegistrationTest ******
15:59:28:707 [TestNG-tests-3] INFO  testCases.TC001_AccountRegistrationTest - Clicked on 'MyAccount' Link
16:36:29:995 [main] DEBUG org.testng.TestNG - suiteXmlPath: "C:\workspaces\java selenium\OpencartV121\grid-docker.xml"
16:36:29:636 [main] INFO  org.testng.internal.Utils - [TestNG] Running:
  C:\workspaces\java selenium\OpencartV121\grid-docker.xml

16:36:29:715 [main] INFO  testCases.TC001_AccountRegistrationTest - ****** Starting TC001_AccountRegistrationTest ******
16:36:29:441 [main] INFO  testCases.TC001_AccountRegistrationTest - Clicked on 'MyAccount' Link
16:36:29:997 [main] INFO  testCases.TC001_AccountRegistrationTest - Clicked on 'Register' Link
16:36:29:046 [main] INFO  testCases.TC001_AccountRegistrationTest - Providing customer details......
16:36:29:960 [main] INFO  testCases.TC001_AccountRegistrationTest - Validating expected message....
16:36:29:084 [main] INFO  testCases.TC001_AccountRegistrationTest - ***** Finished: TC001_AccountRegistrationTest*******
16:36:29:997 [main] INFO  testCases.TC002_LoginTest - ****Starting TC002_LoginTest *****
16:36:29:202 [main] INFO  testCases.TC002_LoginTest - Clicked on 'MyAccount' Link
16:36:29:915 [main] INFO  testCases.TC002_LoginTest - Clicked on 'Login' link
16:36:29:171 [main] INFO  testCases.TC002_LoginTest - Email entered....
16:36:29:326 [main] INFO  testCases.TC002_LoginTest - Password entered.....
16:36:29:519 [main] INFO  testCases.TC002_LoginTest - Evaluating login status...
16:36:29:157 [main] INFO  testCases.TC002_LoginTest - ****Finished TC002_LoginTest *****
16:42:29:939 [main] DEBUG org.testng.TestNG - suiteXmlPath: "C:\workspaces\java selenium\OpencartV121\grid-docker.xml"
16:48:29:541 [main] DEBUG org.testng.TestNG - suiteXmlPath: "C:\workspaces\java selenium\OpencartV121\grid-docker.xml"
16:48:29:999 [main] INFO  org.testng.internal.Utils - [TestNG] Running:
  C:\workspaces\java selenium\OpencartV121\grid-docker.xml

16:49:29:834 [main] INFO  testCases.TC001_AccountRegistrationTest - ****** Starting TC001_AccountRegistrationTest ******
16:49:29:251 [main] INFO  testCases.TC001_AccountRegistrationTest - Clicked on 'MyAccount' Link
16:49:29:601 [main] INFO  testCases.TC001_AccountRegistrationTest - Clicked on 'Register' Link
16:49:29:608 [main] INFO  testCases.TC001_AccountRegistrationTest - Providing customer details......
16:49:29:779 [main] INFO  testCases.TC001_AccountRegistrationTest - Validating expected message....
16:49:29:874 [main] INFO  testCases.TC001_AccountRegistrationTest - ***** Finished: TC001_AccountRegistrationTest*******
16:49:29:172 [main] INFO  testCases.TC002_LoginTest - ****Starting TC002_LoginTest *****
16:49:29:455 [main] INFO  testCases.TC002_LoginTest - Clicked on 'MyAccount' Link
16:49:29:205 [main] INFO  testCases.TC002_LoginTest - Clicked on 'Login' link
16:49:29:381 [main] INFO  testCases.TC002_LoginTest - Email entered....
16:49:29:430 [main] INFO  testCases.TC002_LoginTest - Password entered.....
16:50:29:182 [main] INFO  testCases.TC002_LoginTest - Evaluating login status...
16:50:29:286 [main] INFO  testCases.TC002_LoginTest - ****Finished TC002_LoginTest *****
16:53:29:676 [main] DEBUG org.testng.TestNG - suiteXmlPath: "C:\workspaces\java selenium\OpencartV121\grid-docker.xml"
16:53:29:241 [main] INFO  org.testng.internal.Utils - [TestNG] Running:
  C:\workspaces\java selenium\OpencartV121\grid-docker.xml

16:53:29:011 [main] INFO  testCases.TC001_AccountRegistrationTest - ****** Starting TC001_AccountRegistrationTest ******
16:53:29:277 [main] INFO  testCases.TC001_AccountRegistrationTest - Clicked on 'MyAccount' Link
16:53:29:466 [main] INFO  testCases.TC001_AccountRegistrationTest - Clicked on 'Register' Link
16:53:29:479 [main] INFO  testCases.TC001_AccountRegistrationTest - Providing customer details......
16:53:29:480 [main] INFO  testCases.TC001_AccountRegistrationTest - Validating expected message....
16:53:29:557 [main] INFO  testCases.TC001_AccountRegistrationTest - ***** Finished: TC001_AccountRegistrationTest*******
16:53:29:188 [main] INFO  testCases.TC002_LoginTest - ****Starting TC002_LoginTest *****
16:53:29:519 [main] INFO  testCases.TC002_LoginTest - Clicked on 'MyAccount' Link
16:53:29:324 [main] INFO  testCases.TC002_LoginTest - Clicked on 'Login' link
16:53:29:431 [main] INFO  testCases.TC002_LoginTest - Email entered....
16:53:29:521 [main] INFO  testCases.TC002_LoginTest - Password entered.....
16:53:29:859 [main] INFO  testCases.TC002_LoginTest - Evaluating login status...
16:53:29:955 [main] INFO  testCases.TC002_LoginTest - ****Finished TC002_LoginTest *****
16:53:29:267 [main] INFO  testCases.TC001_AccountRegistrationTest - ****** Starting TC001_AccountRegistrationTest ******
16:53:29:838 [main] INFO  testCases.TC001_AccountRegistrationTest - Clicked on 'MyAccount' Link
16:53:29:899 [main] INFO  testCases.TC001_AccountRegistrationTest - Clicked on 'Register' Link
16:53:29:902 [main] INFO  testCases.TC001_AccountRegistrationTest - Providing customer details......
16:54:29:340 [main] INFO  testCases.TC001_AccountRegistrationTest - Validating expected message....
16:54:29:513 [main] INFO  testCases.TC001_AccountRegistrationTest - ***** Finished: TC001_AccountRegistrationTest*******
16:54:29:178 [main] INFO  testCases.TC002_LoginTest - ****Starting TC002_LoginTest *****
16:54:29:846 [main] INFO  testCases.TC002_LoginTest - Clicked on 'MyAccount' Link
16:54:29:488 [main] INFO  testCases.TC002_LoginTest - Clicked on 'Login' link
16:54:29:837 [main] INFO  testCases.TC002_LoginTest - Email entered....
16:54:29:046 [main] INFO  testCases.TC002_LoginTest - Password entered.....
16:54:29:254 [main] INFO  testCases.TC002_LoginTest - Evaluating login status...
16:54:29:622 [main] INFO  testCases.TC002_LoginTest - ****Finished TC002_LoginTest *****
17:27:29:568 [main] DEBUG org.testng.TestNG - suiteXmlPath: "C:\workspaces\java selenium\OpencartV121\grid-docker.xml"
17:27:29:451 [main] INFO  org.testng.internal.Utils - [TestNG] Running:
  C:\workspaces\java selenium\OpencartV121\grid-docker.xml

17:27:29:892 [main] INFO  testCases.TC001_AccountRegistrationTest - ****** Starting TC001_AccountRegistrationTest ******
17:27:29:197 [main] INFO  testCases.TC001_AccountRegistrationTest - Clicked on 'MyAccount' Link
17:27:29:256 [main] INFO  testCases.TC001_AccountRegistrationTest - Clicked on 'Register' Link
17:27:29:261 [main] INFO  testCases.TC001_AccountRegistrationTest - Providing customer details......
17:27:29:981 [main] INFO  testCases.TC001_AccountRegistrationTest - Validating expected message....
17:27:29:031 [main] INFO  testCases.TC001_AccountRegistrationTest - ***** Finished: TC001_AccountRegistrationTest*******
17:28:29:845 [main] INFO  testCases.TC002_LoginTest - ****Starting TC002_LoginTest *****
17:28:29:027 [main] INFO  testCases.TC002_LoginTest - Clicked on 'MyAccount' Link
17:28:29:727 [main] INFO  testCases.TC002_LoginTest - Clicked on 'Login' link
17:28:29:820 [main] INFO  testCases.TC002_LoginTest - Email entered....
17:28:29:874 [main] INFO  testCases.TC002_LoginTest - Password entered.....
17:28:29:439 [main] INFO  testCases.TC002_LoginTest - Evaluating login status...
17:28:29:522 [main] INFO  testCases.TC002_LoginTest - ****Finished TC002_LoginTest *****
17:28:29:274 [main] INFO  testCases.TC001_AccountRegistrationTest - ****** Starting TC001_AccountRegistrationTest ******
17:28:29:582 [main] INFO  testCases.TC001_AccountRegistrationTest - Clicked on 'MyAccount' Link
17:28:29:510 [main] INFO  testCases.TC001_AccountRegistrationTest - Clicked on 'Register' Link
17:28:29:513 [main] INFO  testCases.TC001_AccountRegistrationTest - Providing customer details......
17:28:29:755 [main] INFO  testCases.TC001_AccountRegistrationTest - Validating expected message....
17:28:29:825 [main] INFO  testCases.TC001_AccountRegistrationTest - ***** Finished: TC001_AccountRegistrationTest*******
17:28:29:187 [main] INFO  testCases.TC002_LoginTest - ****Starting TC002_LoginTest *****
17:28:29:750 [main] INFO  testCases.TC002_LoginTest - Clicked on 'MyAccount' Link
17:28:29:458 [main] INFO  testCases.TC002_LoginTest - Clicked on 'Login' link
17:28:29:650 [main] INFO  testCases.TC002_LoginTest - Email entered....
17:28:29:777 [main] INFO  testCases.TC002_LoginTest - Password entered.....
17:28:29:949 [main] INFO  testCases.TC002_LoginTest - Evaluating login status...
17:28:29:163 [main] INFO  testCases.TC002_LoginTest - ****Finished TC002_LoginTest *****
07:00:01:807 [main] DEBUG org.testng.TestNG - suiteXmlPath: "C:\workspaces\java selenium\OpencartV121\grouping.xml"
07:01:01:223 [main] INFO  testCases.TC001_AccountRegistrationTest - ****** Starting TC001_AccountRegistrationTest ******
07:01:01:415 [main] INFO  testCases.TC001_AccountRegistrationTest - Clicked on 'MyAccount' Link
07:01:01:353 [main] INFO  testCases.TC001_AccountRegistrationTest - Clicked on 'Register' Link
07:01:01:380 [main] INFO  testCases.TC001_AccountRegistrationTest - Providing customer details......
07:01:01:093 [main] INFO  testCases.TC001_AccountRegistrationTest - Validating expected message....
07:01:01:163 [main] INFO  testCases.TC001_AccountRegistrationTest - ***** Finished: TC001_AccountRegistrationTest*******
07:01:01:315 [main] INFO  testCases.TC002_LoginTest - ****Starting TC002_LoginTest *****
07:01:01:528 [main] INFO  testCases.TC002_LoginTest - Clicked on 'MyAccount' Link
07:01:01:083 [main] INFO  testCases.TC002_LoginTest - Clicked on 'Login' link
07:01:01:286 [main] INFO  testCases.TC002_LoginTest - Email entered....
07:01:01:418 [main] INFO  testCases.TC002_LoginTest - Password entered.....
07:01:01:556 [main] INFO  testCases.TC002_LoginTest - Evaluating login status...
07:01:01:772 [main] INFO  testCases.TC002_LoginTest - ****Finished TC002_LoginTest *****
07:44:01:499 [main] DEBUG org.testng.TestNG - suiteXmlPath: "C:\workspaces\java selenium\OpencartV121\grouping.xml"
07:44:01:037 [main] INFO  testCases.TC001_AccountRegistrationTest - ****** Starting TC001_AccountRegistrationTest ******
07:44:01:212 [main] INFO  testCases.TC001_AccountRegistrationTest - Clicked on 'MyAccount' Link
07:44:01:165 [main] INFO  testCases.TC001_AccountRegistrationTest - Clicked on 'Register' Link
07:44:01:170 [main] INFO  testCases.TC001_AccountRegistrationTest - Providing customer details......
07:44:01:602 [main] INFO  testCases.TC001_AccountRegistrationTest - Validating expected message....
07:44:01:655 [main] INFO  testCases.TC001_AccountRegistrationTest - ***** Finished: TC001_AccountRegistrationTest*******
07:44:01:823 [main] INFO  testCases.TC002_LoginTest - ****Starting TC002_LoginTest *****
07:44:01:985 [main] INFO  testCases.TC002_LoginTest - Clicked on 'MyAccount' Link
07:44:01:533 [main] INFO  testCases.TC002_LoginTest - Clicked on 'Login' link
07:44:01:739 [main] INFO  testCases.TC002_LoginTest - Email entered....
07:44:01:877 [main] INFO  testCases.TC002_LoginTest - Password entered.....
07:44:01:019 [main] INFO  testCases.TC002_LoginTest - Evaluating login status...
07:44:01:243 [main] INFO  testCases.TC002_LoginTest - ****Finished TC002_LoginTest *****
15:44:01:665 [main] DEBUG org.testng.TestNG - suiteXmlPath: "C:\workspaces\java selenium\OpencartV121\grouping.xml"
15:45:01:722 [main] INFO  testCases.TC001_AccountRegistrationTest - ****** Starting TC001_AccountRegistrationTest ******
15:45:01:358 [main] INFO  testCases.TC001_AccountRegistrationTest - Clicked on 'MyAccount' Link
15:45:01:642 [main] INFO  testCases.TC001_AccountRegistrationTest - Clicked on 'Register' Link
15:45:01:656 [main] INFO  testCases.TC001_AccountRegistrationTest - Providing customer details......
15:45:01:663 [main] INFO  testCases.TC001_AccountRegistrationTest - Validating expected message....
15:45:01:831 [main] INFO  testCases.TC001_AccountRegistrationTest - ***** Finished: TC001_AccountRegistrationTest*******
15:45:01:066 [main] INFO  testCases.TC002_LoginTest - ****Starting TC002_LoginTest *****
15:45:01:000 [main] INFO  testCases.TC002_LoginTest - Clicked on 'MyAccount' Link
15:45:01:834 [main] INFO  testCases.TC002_LoginTest - Clicked on 'Login' link
15:45:01:221 [main] INFO  testCases.TC002_LoginTest - Email entered....
15:45:01:436 [main] INFO  testCases.TC002_LoginTest - Password entered.....
15:45:01:108 [main] INFO  testCases.TC002_LoginTest - Evaluating login status...
15:45:01:201 [main] INFO  testCases.TC002_LoginTest - ****Finished TC002_LoginTest *****
15:50:01:173 [main] DEBUG org.testng.TestNG - suiteXmlPath: "C:\workspaces\java selenium\OpencartV121\grouping.xml"
15:50:01:784 [main] INFO  testCases.TC001_AccountRegistrationTest - ****** Starting TC001_AccountRegistrationTest ******
15:50:01:278 [main] INFO  testCases.TC001_AccountRegistrationTest - Clicked on 'MyAccount' Link
15:50:01:431 [main] INFO  testCases.TC001_AccountRegistrationTest - Clicked on 'Register' Link
15:50:01:444 [main] INFO  testCases.TC001_AccountRegistrationTest - Providing customer details......
15:50:01:617 [main] INFO  testCases.TC001_AccountRegistrationTest - Validating expected message....
15:50:01:727 [main] INFO  testCases.TC001_AccountRegistrationTest - ***** Finished: TC001_AccountRegistrationTest*******
15:51:01:644 [main] INFO  testCases.TC002_LoginTest - ****Starting TC002_LoginTest *****
15:51:01:289 [main] INFO  testCases.TC002_LoginTest - Clicked on 'MyAccount' Link
15:51:01:947 [main] INFO  testCases.TC002_LoginTest - Clicked on 'Login' link
15:51:01:553 [main] INFO  testCases.TC002_LoginTest - Email entered....
15:51:01:889 [main] INFO  testCases.TC002_LoginTest - Password entered.....
15:51:01:918 [main] INFO  testCases.TC002_LoginTest - Evaluating login status...
15:51:01:195 [main] INFO  testCases.TC002_LoginTest - ****Finished TC002_LoginTest *****
17:57:02:826 [main] DEBUG org.testng.TestNG - suiteXmlPath: "C:\workspaces\java selenium\OpencartV121\grouping.xml"
17:57:02:232 [main] INFO  testCases.TC001_AccountRegistrationTest - ****** Starting TC001_AccountRegistrationTest ******
17:57:02:452 [main] INFO  testCases.TC001_AccountRegistrationTest - Clicked on 'MyAccount' Link
17:57:02:380 [main] INFO  testCases.TC001_AccountRegistrationTest - Clicked on 'Register' Link
17:57:02:396 [main] INFO  testCases.TC001_AccountRegistrationTest - Providing customer details......
17:57:02:751 [main] INFO  testCases.TC001_AccountRegistrationTest - Validating expected message....
17:57:02:814 [main] INFO  testCases.TC001_AccountRegistrationTest - ***** Finished: TC001_AccountRegistrationTest*******
17:57:02:118 [main] INFO  testCases.TC002_LoginTest - ****Starting TC002_LoginTest *****
17:57:02:551 [main] INFO  testCases.TC002_LoginTest - Clicked on 'MyAccount' Link
17:57:02:188 [main] INFO  testCases.TC002_LoginTest - Clicked on 'Login' link
17:57:02:436 [main] INFO  testCases.TC002_LoginTest - Email entered....
17:57:02:585 [main] INFO  testCases.TC002_LoginTest - Password entered.....
17:57:02:834 [main] INFO  testCases.TC002_LoginTest - Evaluating login status...
17:57:02:899 [main] INFO  testCases.TC002_LoginTest - ****Finished TC002_LoginTest *****
18:11:02:800 [main] DEBUG org.testng.TestNG - suiteXmlPath: "C:\workspaces\java selenium\OpencartV121\grouping.xml"
18:11:02:324 [main] INFO  testCases.TC001_AccountRegistrationTest - ****** Starting TC001_AccountRegistrationTest ******
18:11:02:592 [main] INFO  testCases.TC001_AccountRegistrationTest - Clicked on 'MyAccount' Link
18:11:02:558 [main] INFO  testCases.TC001_AccountRegistrationTest - Clicked on 'Register' Link
18:11:02:572 [main] INFO  testCases.TC001_AccountRegistrationTest - Providing customer details......
18:12:02:011 [main] INFO  testCases.TC001_AccountRegistrationTest - Validating expected message....
18:12:02:097 [main] INFO  testCases.TC001_AccountRegistrationTest - ***** Finished: TC001_AccountRegistrationTest*******
18:12:02:123 [main] INFO  testCases.TC002_LoginTest - ****Starting TC002_LoginTest *****
18:12:02:344 [main] INFO  testCases.TC002_LoginTest - Clicked on 'MyAccount' Link
18:12:02:949 [main] INFO  testCases.TC002_LoginTest - Clicked on 'Login' link
18:12:02:216 [main] INFO  testCases.TC002_LoginTest - Email entered....
18:12:02:381 [main] INFO  testCases.TC002_LoginTest - Password entered.....
18:12:02:671 [main] INFO  testCases.TC002_LoginTest - Evaluating login status...
18:12:02:730 [main] INFO  testCases.TC002_LoginTest - ****Finished TC002_LoginTest *****
14:39:09:706 [main] DEBUG org.testng.TestNG - suiteXmlPath: "C:\workspaces\java selenium\OpencartV121\testng.xml"
14:39:09:191 [main] INFO  org.testng.internal.Utils - [TestNG] Running:
  C:\workspaces\java selenium\OpencartV121\testng.xml

14:49:09:081 [main] DEBUG org.testng.TestNG - suiteXmlPath: "C:\workspaces\java selenium\OpencartV121\grouping.xml"
14:49:09:607 [main] INFO  org.testng.internal.Utils - [TestNG] Running:
  C:\workspaces\java selenium\OpencartV121\grouping.xml

14:49:09:905 [main] INFO  testCases.TC001_AccountRegistrationTest - ****** Starting TC001_AccountRegistrationTest ******
14:49:09:111 [main] INFO  testCases.TC001_AccountRegistrationTest - Clicked on 'MyAccount' Link
14:49:09:265 [main] INFO  testCases.TC001_AccountRegistrationTest - Clicked on 'Register' Link
14:49:09:296 [main] INFO  testCases.TC001_AccountRegistrationTest - Providing customer details......
14:49:09:640 [main] INFO  testCases.TC001_AccountRegistrationTest - Validating expected message....
14:49:09:702 [main] INFO  testCases.TC001_AccountRegistrationTest - ***** Finished: TC001_AccountRegistrationTest*******
14:49:09:555 [main] INFO  testCases.TC002_LoginTest - ****Starting TC002_LoginTest *****
14:49:09:708 [main] INFO  testCases.TC002_LoginTest - Clicked on 'MyAccount' Link
14:49:09:307 [main] INFO  testCases.TC002_LoginTest - Clicked on 'Login' link
14:49:09:525 [main] INFO  testCases.TC002_LoginTest - Email entered....
14:49:09:665 [main] INFO  testCases.TC002_LoginTest - Password entered.....
14:49:09:819 [main] INFO  testCases.TC002_LoginTest - Evaluating login status...
14:49:09:008 [main] INFO  testCases.TC002_LoginTest - ****Finished TC002_LoginTest *****
14:49:09:969 [main] INFO  testCases.TC004_SearchProductTest - ****Starting TC004_SearchProductTest****
14:49:09:150 [main] INFO  testCases.TC004_SearchProductTest - Clicked on 'MyAccount' Link
14:49:09:727 [main] INFO  testCases.TC004_SearchProductTest - Clicked on 'Login' link
14:49:09:934 [main] INFO  testCases.TC004_SearchProductTest - Email entered....
14:49:09:069 [main] INFO  testCases.TC004_SearchProductTest - Password entered.....
14:49:09:308 [main] INFO  testCases.TC004_SearchProductTest - Entering 'imac' in search bar...
14:49:09:462 [main] INFO  testCases.TC004_SearchProductTest - Clicking on 'imac' product link
15:03:09:874 [main] DEBUG org.testng.TestNG - suiteXmlPath: "C:\workspaces\java selenium\OpencartV121\grouping.xml"
15:03:09:868 [main] INFO  org.testng.internal.Utils - [TestNG] Running:
  C:\workspaces\java selenium\OpencartV121\grouping.xml

15:03:09:895 [main] INFO  testCases.TC001_AccountRegistrationTest - ****** Starting TC001_AccountRegistrationTest ******
15:03:09:092 [main] INFO  testCases.TC001_AccountRegistrationTest - Clicked on 'MyAccount' Link
15:03:09:955 [main] INFO  testCases.TC001_AccountRegistrationTest - Clicked on 'Register' Link
15:03:09:960 [main] INFO  testCases.TC001_AccountRegistrationTest - Providing customer details......
15:03:09:188 [main] INFO  testCases.TC001_AccountRegistrationTest - Validating expected message....
15:03:09:262 [main] INFO  testCases.TC001_AccountRegistrationTest - ***** Finished: TC001_AccountRegistrationTest*******
15:03:09:663 [main] INFO  testCases.TC002_LoginTest - ****Starting TC002_LoginTest *****
15:03:09:825 [main] INFO  testCases.TC002_LoginTest - Clicked on 'MyAccount' Link
15:03:09:314 [main] INFO  testCases.TC002_LoginTest - Clicked on 'Login' link
15:03:09:524 [main] INFO  testCases.TC002_LoginTest - Email entered....
15:03:09:658 [main] INFO  testCases.TC002_LoginTest - Password entered.....
15:03:09:824 [main] INFO  testCases.TC002_LoginTest - Evaluating login status...
15:03:09:001 [main] INFO  testCases.TC002_LoginTest - ****Finished TC002_LoginTest *****
15:04:09:686 [main] INFO  testCases.TC004_SearchProductTest - ****Starting TC004_SearchProductTest****
15:04:09:024 [main] INFO  testCases.TC004_SearchProductTest - Clicked on 'MyAccount' Link
15:04:09:665 [main] INFO  testCases.TC004_SearchProductTest - Clicked on 'Login' link
15:04:09:879 [main] INFO  testCases.TC004_SearchProductTest - Email entered....
15:04:09:016 [main] INFO  testCases.TC004_SearchProductTest - Password entered.....
15:04:09:141 [main] INFO  testCases.TC004_SearchProductTest - Entering 'imac' in search bar...
15:04:09:451 [main] INFO  testCases.TC004_SearchProductTest - Clicking on search submit button
15:04:09:253 [main] INFO  testCases.TC004_SearchProductTest - Clicking on 'imac' product link
15:04:09:069 [main] INFO  testCases.TC004_SearchProductTest - Evaluating product existence status.....
15:04:09:107 [main] INFO  testCases.TC004_SearchProductTest - ****Finished TC004_SearchProductTest****
15:49:09:277 [main] DEBUG org.testng.TestNG - suiteXmlPath: "C:\workspaces\java selenium\OpencartV121\grouping.xml"
15:49:09:313 [main] INFO  testCases.TC001_AccountRegistrationTest - ****** Starting TC001_AccountRegistrationTest ******
15:49:09:840 [main] INFO  testCases.TC001_AccountRegistrationTest - Clicked on 'MyAccount' Link
15:49:09:092 [main] INFO  testCases.TC001_AccountRegistrationTest - Clicked on 'Register' Link
15:49:09:112 [main] INFO  testCases.TC001_AccountRegistrationTest - Providing customer details......
15:49:09:749 [main] INFO  testCases.TC001_AccountRegistrationTest - Validating expected message....
15:49:09:867 [main] INFO  testCases.TC001_AccountRegistrationTest - ***** Finished: TC001_AccountRegistrationTest*******
15:49:09:118 [main] INFO  testCases.TC002_LoginTest - ****Starting TC002_LoginTest *****
15:49:09:960 [main] INFO  testCases.TC002_LoginTest - Clicked on 'MyAccount' Link
15:49:09:625 [main] INFO  testCases.TC002_LoginTest - Clicked on 'Login' link
15:49:09:094 [main] INFO  testCases.TC002_LoginTest - Email entered....
15:49:09:363 [main] INFO  testCases.TC002_LoginTest - Password entered.....
15:49:09:195 [main] INFO  testCases.TC002_LoginTest - Evaluating login status...
15:49:09:401 [main] INFO  testCases.TC002_LoginTest - ****Finished TC002_LoginTest *****
15:49:09:699 [main] INFO  testCases.TC004_SearchProductTest - ****Starting TC004_SearchProductTest****
15:49:09:363 [main] INFO  testCases.TC004_SearchProductTest - Clicked on 'MyAccount' Link
15:49:09:951 [main] INFO  testCases.TC004_SearchProductTest - Clicked on 'Login' link
15:49:09:272 [main] INFO  testCases.TC004_SearchProductTest - Email entered....
15:49:09:509 [main] INFO  testCases.TC004_SearchProductTest - Password entered.....
15:49:09:939 [main] INFO  testCases.TC004_SearchProductTest - Entering 'imac' in search bar...
15:49:09:130 [main] INFO  testCases.TC004_SearchProductTest - Clicking on search submit button
15:49:09:990 [main] INFO  testCases.TC004_SearchProductTest - Clicking on 'imac' product link
15:49:09:207 [main] INFO  testCases.TC004_SearchProductTest - Evaluating product existence status.....
15:49:09:334 [main] INFO  testCases.TC004_SearchProductTest - ****Finished TC004_SearchProductTest****
10:54:15:166 [main] DEBUG org.testng.TestNG - suiteXmlPath: "C:\workspaces\java selenium\OpencartV121\grouping.xml"
10:54:15:818 [main] INFO  org.testng.internal.Utils - [TestNG] Running:
  C:\workspaces\java selenium\OpencartV121\grouping.xml

10:55:15:948 [main] INFO  testCases.TC001_AccountRegistrationTest - ****** Starting TC001_AccountRegistrationTest ******
10:55:15:295 [main] INFO  testCases.TC001_AccountRegistrationTest - Clicked on 'MyAccount' Link
10:55:15:396 [main] INFO  testCases.TC001_AccountRegistrationTest - Clicked on 'Register' Link
10:55:15:421 [main] INFO  testCases.TC001_AccountRegistrationTest - Providing customer details......
10:55:15:725 [main] INFO  testCases.TC001_AccountRegistrationTest - Validating expected message....
10:55:15:796 [main] INFO  testCases.TC001_AccountRegistrationTest - ***** Finished: TC001_AccountRegistrationTest*******
10:55:15:735 [main] INFO  testCases.TC002_LoginTest - ****Starting TC002_LoginTest *****
10:55:15:890 [main] INFO  testCases.TC002_LoginTest - Clicked on 'MyAccount' Link
10:55:15:476 [main] INFO  testCases.TC002_LoginTest - Clicked on 'Login' link
10:55:15:669 [main] INFO  testCases.TC002_LoginTest - Email entered....
10:55:15:804 [main] INFO  testCases.TC002_LoginTest - Password entered.....
10:55:15:956 [main] INFO  testCases.TC002_LoginTest - Evaluating login status...
10:55:15:153 [main] INFO  testCases.TC002_LoginTest - ****Finished TC002_LoginTest *****
10:55:15:918 [main] INFO  testCases.TC004_SearchProductTest - ****Starting TC004_SearchProductTest****
10:55:15:083 [main] INFO  testCases.TC004_SearchProductTest - Clicked on 'MyAccount' Link
10:55:15:607 [main] INFO  testCases.TC004_SearchProductTest - Clicked on 'Login' link
10:55:15:815 [main] INFO  testCases.TC004_SearchProductTest - Email entered....
10:55:15:946 [main] INFO  testCases.TC004_SearchProductTest - Password entered.....
10:55:15:059 [main] INFO  testCases.TC004_SearchProductTest - Entering 'imac' in search bar...
10:55:15:301 [main] INFO  testCases.TC004_SearchProductTest - Clicking on search submit button
10:55:15:040 [main] INFO  testCases.TC004_SearchProductTest - Clicking on 'imac' product link
10:55:15:641 [main] INFO  testCases.TC004_SearchProductTest - Evaluating product existence status.....
10:55:15:675 [main] INFO  testCases.TC004_SearchProductTest - ****Finished TC004_SearchProductTest****
